2025-11-16 17:28:19,327 [INFO] Activator:176 - 


2025-11-16 17:28:19,329 [INFO] Activator:177 - !SESSION log4j initialized
2025-11-16 17:28:20,444 [ERROR] LogOutputStream:75 - [STDERR_REDIRECT] 
2025-11-16 17:28:21,906 [INFO] LogOutputStream:77 - [STDOUT_REDIRECT] 
2025-11-16 17:28:23,802 [INFO] ApplicationProperties:184 - Using Application install path: /Applications/STM32CubeIDE.app/Contents/Eclipse/plugins/com.st.stm32cube.common.mx_6.12.1.202409122256
2025-11-16 17:28:23,830 [INFO] DbMcusXml:78 - Set database path to: /Applications/STM32CubeIDE.app/Contents/Eclipse/plugins/com.st.stm32cube.common.mx_6.12.1.202409122256//db//mcu/
2025-11-16 17:28:23,831 [INFO] ApiDb:274 - Set plugin database path to: /Applications/STM32CubeIDE.app/Contents/Eclipse/plugins/com.st.stm32cube.common.mx_6.12.1.202409122256//db//plugins/boardmanager/
2025-11-16 17:28:23,832 [WARN] ApiDb:259 - Overriding images path with different value:  => /Applications/STM32CubeIDE.app/Contents/Eclipse/plugins/com.st.stm32cube.common.mx_6.12.1.202409122256//db//plugins/mcufinder/images/
2025-11-16 17:28:23,838 [INFO] ApiDb:250 - Set database path to: /Users/shykizzy/.stmcufinder/plugins/mcufinder//mcu/
2025-11-16 17:28:23,840 [INFO] DbMcusAds:125 - Set database path to: /Users/shykizzy/.stmcufinder/plugins/mcufinder//mcu/
2025-11-16 17:28:23,844 [INFO] CrossReferenceDbSqlite:203 - Set database path to: /Users/shykizzy/.stmcufinder/plugins/mcufinder//mcu/cs/
2025-11-16 17:28:23,997 [INFO] RulesReader:64 - Compatibility file has been processed (297 Rules)
2025-11-16 17:28:24,081 [INFO] DbMcusXml:78 - Set database path to: /Applications/STM32CubeIDE.app/Contents/Eclipse/plugins/com.st.stm32cube.common.mx_6.12.1.202409122256//db//mcu/
2025-11-16 17:28:24,081 [INFO] ApiDb:274 - Set plugin database path to: /Applications/STM32CubeIDE.app/Contents/Eclipse/plugins/com.st.stm32cube.common.mx_6.12.1.202409122256//db//plugins/boardmanager/
2025-11-16 17:28:24,081 [INFO] ApiDb:261 - Set plugin images path to: /Applications/STM32CubeIDE.app/Contents/Eclipse/plugins/com.st.stm32cube.common.mx_6.12.1.202409122256//db//plugins/mcufinder/images/
2025-11-16 17:28:24,082 [WARN] DbFile:41 - Overriding database path with different value: /Users/shykizzy/.stmcufinder/plugins/mcufinder/ => /Users/shykizzy/.stmcufinder/plugins/mcufinder
2025-11-16 17:28:24,082 [INFO] ApiDb:250 - Set database path to: /Users/shykizzy/.stmcufinder/plugins/mcufinder//mcu/
2025-11-16 17:28:24,082 [WARN] DbFile:41 - Overriding database path with different value: /Users/shykizzy/.stmcufinder/plugins/mcufinder/ => /Users/shykizzy/.stmcufinder/plugins/mcufinder
2025-11-16 17:28:24,083 [INFO] DbMcusAds:125 - Set database path to: /Users/shykizzy/.stmcufinder/plugins/mcufinder//mcu/
2025-11-16 17:28:24,083 [WARN] DbFile:41 - Overriding database path with different value: /Users/shykizzy/.stmcufinder/plugins/mcufinder/ => /Users/shykizzy/.stmcufinder/plugins/mcufinder
2025-11-16 17:28:24,083 [WARN] DbFile:41 - Overriding database path with different value: /Users/shykizzy/.stmcufinder/plugins/mcufinder/ => /Users/shykizzy/.stmcufinder/plugins/mcufinder
2025-11-16 17:28:24,083 [INFO] CrossReferenceDbSqlite:203 - Set database path to: /Users/shykizzy/.stmcufinder/plugins/mcufinder//mcu/cs/
2025-11-16 17:28:24,166 [INFO] MainPanel:268 - HeapMemory: 268435456
2025-11-16 17:28:24,649 [INFO] DbMcusXml:78 - Set database path to: /Applications/STM32CubeIDE.app/Contents/Eclipse/plugins/com.st.stm32cube.common.mx_6.12.1.202409122256//db//mcu/
2025-11-16 17:28:24,649 [INFO] ApiDb:274 - Set plugin database path to: /Applications/STM32CubeIDE.app/Contents/Eclipse/plugins/com.st.stm32cube.common.mx_6.12.1.202409122256//db//plugins/boardmanager/
2025-11-16 17:28:24,649 [INFO] ApiDb:261 - Set plugin images path to: /Applications/STM32CubeIDE.app/Contents/Eclipse/plugins/com.st.stm32cube.common.mx_6.12.1.202409122256//db//plugins/mcufinder/images/
2025-11-16 17:28:24,650 [WARN] DbFile:41 - Overriding database path with different value: /Users/shykizzy/.stmcufinder/plugins/mcufinder/ => /Users/shykizzy/.stmcufinder/plugins/mcufinder
2025-11-16 17:28:24,650 [INFO] ApiDb:250 - Set database path to: /Users/shykizzy/.stmcufinder/plugins/mcufinder//mcu/
2025-11-16 17:28:24,650 [WARN] DbFile:41 - Overriding database path with different value: /Users/shykizzy/.stmcufinder/plugins/mcufinder/ => /Users/shykizzy/.stmcufinder/plugins/mcufinder
2025-11-16 17:28:24,650 [INFO] DbMcusAds:125 - Set database path to: /Users/shykizzy/.stmcufinder/plugins/mcufinder//mcu/
2025-11-16 17:28:24,651 [WARN] DbFile:41 - Overriding database path with different value: /Users/shykizzy/.stmcufinder/plugins/mcufinder/ => /Users/shykizzy/.stmcufinder/plugins/mcufinder
2025-11-16 17:28:24,651 [WARN] DbFile:41 - Overriding database path with different value: /Users/shykizzy/.stmcufinder/plugins/mcufinder/ => /Users/shykizzy/.stmcufinder/plugins/mcufinder
2025-11-16 17:28:24,651 [INFO] CrossReferenceDbSqlite:203 - Set database path to: /Users/shykizzy/.stmcufinder/plugins/mcufinder//mcu/cs/
2025-11-16 17:28:24,672 [INFO] ApplicationProperties:184 - Using Application install path: /Applications/STM32CubeIDE.app/Contents/Eclipse/plugins/com.st.stm32cube.common.mx_6.12.1.202409122256
2025-11-16 17:28:24,674 [INFO] PluginManage:196 - Search for loadable plugins [exclusion list=, ]
2025-11-16 17:28:24,676 [INFO] PluginManage:310 - Check plugin analytics
2025-11-16 17:28:24,930 [INFO] AnalyticsPlugin:253 - Accepted Software Licenses: STM32CubeMX.6.12.0
2025-11-16 17:28:24,930 [INFO] AnalyticsPlugin:255 - Accepted CMSIS Pack Licenses: STMicroelectronics.X-CUBE-FREERTOS.1.2.0
2025-11-16 17:28:24,930 [INFO] AnalyticsPlugin:257 - Accepted Firmware Licenses: FW.C0.1.1.0,FW.F4.1.28.0,FW.L4.1.18.0,FW.C0.1.2.0
2025-11-16 17:28:24,936 [INFO] PluginManage:359 - Loaded plugin analytics (category:tool,tabindex:-1)
2025-11-16 17:28:24,936 [INFO] PluginManage:310 - Check plugin cadmodel
2025-11-16 17:28:24,941 [INFO] CADModel:105 - Init CAD model plugin
2025-11-16 17:28:24,942 [INFO] PluginManage:359 - Loaded plugin cadmodel (category:power,tabindex:5)
2025-11-16 17:28:24,942 [INFO] PluginManage:310 - Check plugin clock
2025-11-16 17:28:24,955 [INFO] PluginManage:359 - Loaded plugin clock (category:base,tabindex:2)
2025-11-16 17:28:24,956 [INFO] PluginManage:310 - Check plugin ddr
2025-11-16 17:28:24,959 [INFO] PluginManage:359 - Loaded plugin ddr (category:tool,tabindex:6)
2025-11-16 17:28:24,959 [INFO] PluginManage:310 - Check plugin filemanager
2025-11-16 17:28:25,136 [INFO] PluginManage:359 - Loaded plugin filemanager (category:base,tabindex:10)
2025-11-16 17:28:25,136 [INFO] PluginManage:310 - Check plugin ipmanager
2025-11-16 17:28:25,145 [INFO] PluginManage:359 - Loaded plugin ipmanager (category:base,tabindex:5)
2025-11-16 17:28:25,145 [INFO] PluginManage:310 - Check plugin lpbam
2025-11-16 17:28:25,157 [INFO] PluginManage:359 - Loaded plugin lpbam (category:base,tabindex:0)
2025-11-16 17:28:25,158 [INFO] PluginManage:310 - Check plugin memorymap
2025-11-16 17:28:25,176 [INFO] PluginManage:359 - Loaded plugin memorymap (category:base,tabindex:4)
2025-11-16 17:28:25,176 [INFO] PluginManage:310 - Check plugin pinoutandconfiguration
2025-11-16 17:28:25,185 [INFO] PluginManage:359 - Loaded plugin pinoutandconfiguration (category:base,tabindex:1)
2025-11-16 17:28:25,186 [INFO] PluginManage:310 - Check plugin pinoutconfig
2025-11-16 17:28:25,318 [WARN] SupportedApi:132 - Cannot load RTOS API schema: s4s-elt-must-match.1: The content of 'definitions' must match (annotation?, (simpleType | complexType)?, (unique | key | keyref)*)). A problem was found starting at: attribute.
2025-11-16 17:28:25,475 [INFO] PluginManage:359 - Loaded plugin pinoutconfig (category:base,tabindex:0)
2025-11-16 17:28:25,475 [INFO] PluginManage:310 - Check plugin power
2025-11-16 17:28:25,486 [INFO] PluginManage:359 - Loaded plugin power (category:power,tabindex:4)
2025-11-16 17:28:25,486 [INFO] PluginManage:310 - Check plugin projectmanager
2025-11-16 17:28:25,508 [INFO] PluginManage:359 - Loaded plugin projectmanager (category:projectmanager,tabindex:4)
2025-11-16 17:28:25,508 [INFO] PluginManage:310 - Check plugin rif
2025-11-16 17:28:25,517 [INFO] PluginManage:359 - Loaded plugin rif (category:base,tabindex:3)
2025-11-16 17:28:25,517 [INFO] PluginManage:310 - Check plugin thirdparty
2025-11-16 17:28:25,666 [WARN] IntegrityCheckThread:84 - waiting for thirdparty lock release [integrity check]
2025-11-16 17:28:25,666 [INFO] PluginManage:359 - Loaded plugin thirdparty (category:base,tabindex:-1)
2025-11-16 17:28:25,666 [INFO] IntegrityCheckThread:86 - entering critical section [integrity check]
2025-11-16 17:28:25,666 [INFO] PluginManage:310 - Check plugin tools
2025-11-16 17:28:25,667 [INFO] ThirdPartyUpdaterWithRetryManager:70 - Updater plugin not ready yet. [1/15]
2025-11-16 17:28:25,669 [INFO] PluginManage:359 - Loaded plugin tools (category:base,tabindex:7)
2025-11-16 17:28:25,669 [INFO] PluginManage:310 - Check plugin tutovideos
2025-11-16 17:28:25,862 [INFO] PluginManage:359 - Loaded plugin tutovideos (category:base,tabindex:-1)
2025-11-16 17:28:25,862 [INFO] PluginManage:310 - Check plugin updater
2025-11-16 17:28:25,882 [INFO] PluginManage:359 - Loaded plugin updater (category:base,tabindex:12)
2025-11-16 17:28:25,882 [INFO] PluginManage:310 - Check plugin userauth
2025-11-16 17:28:25,889 [INFO] UserAuth:113 - Init User Auth plugin
2025-11-16 17:28:25,889 [INFO] PluginManage:359 - Loaded plugin userauth (category:base,tabindex:14)
2025-11-16 17:28:25,889 [INFO] PluginManage:283 - PluginManage : Loaded plugins [18]
2025-11-16 17:28:26,113 [INFO] PinOutPanel:1561 - setPackage(No Configuration,No Configuration)
2025-11-16 17:28:26,229 [INFO] CADModel:165 - CPN selected for project level
2025-11-16 17:28:26,229 [INFO] CADModel:114 - Register for checkConnection events
2025-11-16 17:28:26,249 [INFO] IPUIPlugin:80 - create IPUIPlugin
2025-11-16 17:28:26,250 [INFO] PluginManager:220 - loadIPPluginJar : add mdma
2025-11-16 17:28:26,260 [INFO] IPUIPlugin:80 - create IPUIPlugin
2025-11-16 17:28:26,260 [INFO] PluginManager:220 - loadIPPluginJar : add freertos
2025-11-16 17:28:26,269 [INFO] IPUIPlugin:80 - create IPUIPlugin
2025-11-16 17:28:26,269 [INFO] PluginManager:220 - loadIPPluginJar : add gic
2025-11-16 17:28:26,284 [INFO] IPUIPlugin:80 - create IPUIPlugin
2025-11-16 17:28:26,285 [INFO] PluginManager:220 - loadIPPluginJar : add adc
2025-11-16 17:28:26,288 [INFO] IPUIPlugin:80 - create IPUIPlugin
2025-11-16 17:28:26,288 [INFO] PluginManager:220 - loadIPPluginJar : add gtzc
2025-11-16 17:28:26,290 [INFO] IPUIPlugin:80 - create IPUIPlugin
2025-11-16 17:28:26,290 [INFO] PluginManager:220 - loadIPPluginJar : add quadspi
2025-11-16 17:28:26,294 [INFO] IPUIPlugin:80 - create IPUIPlugin
2025-11-16 17:28:26,294 [INFO] PluginManager:220 - loadIPPluginJar : add aes
2025-11-16 17:28:26,298 [INFO] IPUIPlugin:80 - create IPUIPlugin
2025-11-16 17:28:26,299 [INFO] PluginManager:220 - loadIPPluginJar : add pdm2pcm
2025-11-16 17:28:26,302 [INFO] IPUIPlugin:80 - create IPUIPlugin
2025-11-16 17:28:26,302 [INFO] PluginManager:220 - loadIPPluginJar : add hash
2025-11-16 17:28:26,304 [INFO] IPUIPlugin:80 - create IPUIPlugin
2025-11-16 17:28:26,304 [INFO] PluginManager:220 - loadIPPluginJar : add tim
2025-11-16 17:28:26,305 [INFO] IPUIPlugin:80 - create IPUIPlugin
2025-11-16 17:28:26,306 [INFO] PluginManager:220 - loadIPPluginJar : add tsc
2025-11-16 17:28:26,310 [INFO] IPUIPlugin:80 - create IPUIPlugin
2025-11-16 17:28:26,310 [INFO] PluginManager:220 - loadIPPluginJar : add extmemmanager
2025-11-16 17:28:26,312 [INFO] IPUIPlugin:80 - create IPUIPlugin
2025-11-16 17:28:26,313 [INFO] PluginManager:220 - loadIPPluginJar : add ts
2025-11-16 17:28:26,314 [INFO] IPUIPlugin:80 - create IPUIPlugin
2025-11-16 17:28:26,316 [INFO] PluginManager:220 - loadIPPluginJar : add radio
2025-11-16 17:28:26,320 [INFO] IPUIPlugin:80 - create IPUIPlugin
2025-11-16 17:28:26,320 [INFO] PluginManager:220 - loadIPPluginJar : add can
2025-11-16 17:28:26,322 [INFO] IPUIPlugin:80 - create IPUIPlugin
2025-11-16 17:28:26,323 [INFO] PluginManager:220 - loadIPPluginJar : add dma3
2025-11-16 17:28:26,325 [INFO] IPUIPlugin:80 - create IPUIPlugin
2025-11-16 17:28:26,325 [INFO] PluginManager:220 - loadIPPluginJar : add dfsdm
2025-11-16 17:28:26,328 [INFO] IPUIPlugin:80 - create IPUIPlugin
2025-11-16 17:28:26,329 [INFO] PluginManager:220 - loadIPPluginJar : add spi
2025-11-16 17:28:26,332 [INFO] IPUIPlugin:80 - create IPUIPlugin
2025-11-16 17:28:26,333 [INFO] PluginManager:220 - loadIPPluginJar : add gfxmmu
2025-11-16 17:28:26,334 [INFO] IPUIPlugin:80 - create IPUIPlugin
2025-11-16 17:28:26,334 [INFO] PluginManager:220 - loadIPPluginJar : add genericplugin
2025-11-16 17:28:26,337 [INFO] IPUIPlugin:80 - create IPUIPlugin
2025-11-16 17:28:26,337 [INFO] PluginManager:220 - loadIPPluginJar : add cryp
2025-11-16 17:28:26,342 [INFO] IPUIPlugin:80 - create IPUIPlugin
2025-11-16 17:28:26,342 [INFO] PluginManager:220 - loadIPPluginJar : add gpio
2025-11-16 17:28:26,347 [INFO] IPUIPlugin:80 - create IPUIPlugin
2025-11-16 17:28:26,347 [INFO] PluginManager:220 - loadIPPluginJar : add ddr_ctrl_phy
2025-11-16 17:28:26,349 [INFO] IPUIPlugin:80 - create IPUIPlugin
2025-11-16 17:28:26,350 [INFO] PluginManager:220 - loadIPPluginJar : add comp
2025-11-16 17:28:26,352 [INFO] IPUIPlugin:80 - create IPUIPlugin
2025-11-16 17:28:26,352 [INFO] PluginManager:220 - loadIPPluginJar : add tracer_emb
2025-11-16 17:28:26,355 [INFO] IPUIPlugin:80 - create IPUIPlugin
2025-11-16 17:28:26,356 [INFO] PluginManager:220 - loadIPPluginJar : add openamp
2025-11-16 17:28:26,364 [INFO] IPUIPlugin:80 - create IPUIPlugin
2025-11-16 17:28:26,364 [INFO] PluginManager:220 - loadIPPluginJar : add stm32_wpan
2025-11-16 17:28:26,372 [INFO] IPUIPlugin:80 - create IPUIPlugin
2025-11-16 17:28:26,375 [INFO] PluginManager:220 - loadIPPluginJar : add plateformsettings
2025-11-16 17:28:26,381 [INFO] IPUIPlugin:80 - create IPUIPlugin
2025-11-16 17:28:26,381 [INFO] PluginManager:220 - loadIPPluginJar : add ipddr
2025-11-16 17:28:26,384 [INFO] IPUIPlugin:80 - create IPUIPlugin
2025-11-16 17:28:26,384 [INFO] PluginManager:220 - loadIPPluginJar : add usart
2025-11-16 17:28:26,386 [INFO] IPUIPlugin:80 - create IPUIPlugin
2025-11-16 17:28:26,386 [INFO] PluginManager:220 - loadIPPluginJar : add ltdc
2025-11-16 17:28:26,390 [INFO] IPUIPlugin:80 - create IPUIPlugin
2025-11-16 17:28:26,390 [INFO] PluginManager:220 - loadIPPluginJar : add nvic
2025-11-16 17:28:26,391 [INFO] IPUIPlugin:80 - create IPUIPlugin
2025-11-16 17:28:26,392 [INFO] PluginManager:220 - loadIPPluginJar : add fatfs
2025-11-16 17:28:26,401 [INFO] IPUIPlugin:80 - create IPUIPlugin
2025-11-16 17:28:26,402 [INFO] PluginManager:220 - loadIPPluginJar : add linkedlist
2025-11-16 17:28:26,408 [INFO] IPUIPlugin:80 - create IPUIPlugin
2025-11-16 17:28:26,408 [INFO] PluginManager:220 - loadIPPluginJar : add dma
2025-11-16 17:28:26,415 [INFO] IPUIPlugin:80 - create IPUIPlugin
2025-11-16 17:28:26,415 [INFO] PluginManager:220 - loadIPPluginJar : add fmc
2025-11-16 17:28:26,418 [INFO] IPUIPlugin:80 - create IPUIPlugin
2025-11-16 17:28:26,418 [INFO] PluginManager:220 - loadIPPluginJar : add i2s
2025-11-16 17:28:26,420 [INFO] IPUIPlugin:80 - create IPUIPlugin
2025-11-16 17:28:26,420 [INFO] PluginManager:220 - loadIPPluginJar : add ucpd
2025-11-16 17:28:26,422 [INFO] IPUIPlugin:80 - create IPUIPlugin
2025-11-16 17:28:26,423 [INFO] PluginManager:220 - loadIPPluginJar : add lorawan
2025-11-16 17:28:26,425 [INFO] IPUIPlugin:80 - create IPUIPlugin
2025-11-16 17:28:26,425 [INFO] PluginManager:220 - loadIPPluginJar : add opamp
2025-11-16 17:28:26,429 [INFO] IPUIPlugin:80 - create IPUIPlugin
2025-11-16 17:28:26,429 [INFO] PluginManager:220 - loadIPPluginJar : add i3c
2025-11-16 17:28:26,434 [INFO] IPUIPlugin:80 - create IPUIPlugin
2025-11-16 17:28:26,434 [INFO] PluginManager:220 - loadIPPluginJar : add touchsensing
2025-11-16 17:28:26,437 [INFO] IPUIPlugin:80 - create IPUIPlugin
2025-11-16 17:28:26,438 [INFO] PluginManager:220 - loadIPPluginJar : add i2c
2025-11-16 17:28:26,442 [INFO] IPUIPlugin:80 - create IPUIPlugin
2025-11-16 17:28:26,442 [INFO] PluginManager:220 - loadIPPluginJar : add resmgrutility
2025-11-16 17:28:26,447 [INFO] IPUIPlugin:80 - create IPUIPlugin
2025-11-16 17:28:26,447 [INFO] PluginManager:220 - loadIPPluginJar : add sai
2025-11-16 17:28:26,451 [INFO] IPUIPlugin:80 - create IPUIPlugin
2025-11-16 17:28:26,451 [INFO] PluginManager:220 - loadIPPluginJar : add usbx
2025-11-16 17:28:26,565 [INFO] CADModel:165 - CPN selected for project level
2025-11-16 17:28:26,565 [INFO] CADModel:114 - Register for checkConnection events
2025-11-16 17:28:26,565 [FATAL] Updater:334 - Updater called before beeing initialized
2025-11-16 17:28:26,565 [ERROR] CADModel:125 - Updater not yet initialized, retry later 
2025-11-16 17:28:26,750 [INFO] CADModel:165 - CPN selected for project level
2025-11-16 17:28:26,750 [INFO] CADModel:114 - Register for checkConnection events
2025-11-16 17:28:26,750 [FATAL] Updater:334 - Updater called before beeing initialized
2025-11-16 17:28:26,750 [ERROR] CADModel:125 - Updater not yet initialized, retry later 
2025-11-16 17:28:26,756 [FATAL] Updater:334 - Updater called before beeing initialized
2025-11-16 17:28:26,869 [FATAL] Updater:334 - Updater called before beeing initialized
2025-11-16 17:28:26,876 [INFO] DbMcusAds:53 - JSON generation date=Mon Nov 10 02:43:01 PST 2025 (1762771381096)
2025-11-16 17:28:26,877 [FATAL] Updater:334 - Updater called before beeing initialized
2025-11-16 17:28:26,949 [WARN] DetailPanel:346 - Failed to get advertising image, set to default
2025-11-16 17:28:27,065 [FATAL] Updater:334 - Updater called before beeing initialized
2025-11-16 17:28:27,066 [FATAL] Updater:334 - Updater called before beeing initialized
2025-11-16 17:28:27,066 [FATAL] Updater:334 - Updater called before beeing initialized
2025-11-16 17:28:27,066 [WARN] DetailPanel:346 - Failed to get advertising image, set to default
2025-11-16 17:28:27,067 [FATAL] Updater:334 - Updater called before beeing initialized
2025-11-16 17:28:27,113 [ERROR] Updater:1164 - MainUpdater not yet initialized. External WinMGr cannot be set.
2025-11-16 17:28:27,116 [INFO] Updater:1100 - Updater Version found : 6.12.1
2025-11-16 17:28:27,145 [INFO] ApplicationProperties:184 - Using Application install path: /Applications/STM32CubeIDE.app/Contents/Eclipse/plugins/com.st.stm32cube.common.mx_6.12.1.202409122256
2025-11-16 17:28:27,589 [INFO] MainUpdater:2873 - connection check result : 10
2025-11-16 17:28:27,590 [INFO] MainUpdater:290 - Updater Check For Update Now.
2025-11-16 17:28:27,590 [INFO] MicroXplorer:498 - Change Database Version : DB.6.0.121
2025-11-16 17:28:27,596 [INFO] McuFinderGlobals:63 - Set McuFinder mode to 2 (CubeIDE integrated)
2025-11-16 17:28:27,598 [INFO] UserAuth:417 - Internet connection configuration mode: 1
2025-11-16 17:28:27,620 [INFO] JxBrowserEngine:152 - Initiate JxBrowser Engine with user profile folder
2025-11-16 17:28:27,830 [INFO] CheckServerUpdateThread:120 - End of CheckServer Thread
2025-11-16 17:28:28,881 [INFO] WebApp:167 - Instantiating new browser for Auth
2025-11-16 17:28:29,963 [INFO] WebApp:448 - Apply proxy settings
2025-11-16 17:28:29,991 [INFO] WebApp:493 - Chromium authenticates against Manually configured proxy
2025-11-16 17:28:30,027 [INFO] WebApp:501 - Username used for proxy authentication: 
2025-11-16 17:28:30,113 [INFO] WebApp:869 - Register for checkConnection events
2025-11-16 17:28:30,133 [INFO] WebApp:448 - Apply proxy settings
2025-11-16 17:28:30,171 [INFO] WebApp:493 - Chromium authenticates against Manually configured proxy
2025-11-16 17:28:30,187 [INFO] WebApp:501 - Username used for proxy authentication: 
2025-11-16 17:28:30,605 [INFO] WebApp:220 - Starting web application
2025-11-16 17:28:30,630 [INFO] WebApp:578 - Web application path used /Applications/STM32CubeIDE.app/Contents/Eclipse/plugins/com.st.stm32cube.common.mx_6.12.1.202409122256/db/plugins/mcufinder/reactClient1/index.html
2025-11-16 17:28:30,773 [INFO] UserAuth:417 - Internet connection configuration mode: 1
2025-11-16 17:28:31,225 [INFO] WebApp:186 - Connection restablished
2025-11-16 17:28:33,318 [WARN] PackLoader:240 - Cannot read IP mode file for STMicroelectronics.FP-SNS-MOTENVWB1.1.4.0
2025-11-16 17:28:33,336 [WARN] PackLoader:240 - Cannot read IP mode file for STMicroelectronics.FP-ATR-ASTRA1.2.0.2
2025-11-16 17:28:33,351 [WARN] PackLoader:240 - Cannot read IP mode file for STMicroelectronics.FP-ATR-ASTRA1.2.0.1
2025-11-16 17:28:33,369 [WARN] PackLoader:240 - Cannot read IP mode file for STMicroelectronics.X-CUBE-SMBUS.2.1.0
2025-11-16 17:28:33,383 [WARN] PackLoader:240 - Cannot read IP mode file for STMicroelectronics.X-CUBE-WB05N.1.1.0
2025-11-16 17:28:33,392 [ERROR] Engine:466 - /Users/shykizzy/.stm32cubemx/thirdparties/pdsc/STMicroelectronics.X-CUBE-ST60.1.0.0.pdsc: PDSC version is not supported
2025-11-16 17:28:33,462 [WARN] PackLoader:240 - Cannot read IP mode file for STMicroelectronics.X-CUBE-AZRTOS-F7.1.1.0
2025-11-16 17:28:33,478 [ERROR] Engine:466 - /Users/shykizzy/.stm32cubemx/thirdparties/pdsc/Cesanta.I-CUBE-Mongoose.7.19.0.pdsc: PDSC version is not supported
2025-11-16 17:28:33,643 [WARN] PackLoader:240 - Cannot read IP mode file for STMicroelectronics.X-CUBE-MEMS1.11.0.0
2025-11-16 17:28:33,790 [ERROR] LogOutputStream:75 - [STDERR_REDIRECT] [Fatal Error] :2:10: DOCTYPE is disallowed when the feature "http://apache.org/xml/features/disallow-doctype-decl" set to true.
2025-11-16 17:28:33,791 [ERROR] LogOutputStream:75 - [STDERR_REDIRECT] 
2025-11-16 17:28:34,036 [ERROR] Engine:466 - /Users/shykizzy/.stm32cubemx/thirdparties/pdsc/STMicroelectronics.FP-SNS-MOTENV1.5.1.0.pdsc: PDSC version is not supported
2025-11-16 17:28:34,050 [ERROR] Engine:466 - /Users/shykizzy/.stm32cubemx/thirdparties/pdsc/WES.I-CUBE-Cesium.1.4.0.pdsc: PDSC version is not supported
2025-11-16 17:28:34,096 [WARN] PackLoader:240 - Cannot read IP mode file for STMicroelectronics.FP-SNS-FLIGHT1.5.0.2
2025-11-16 17:28:34,151 [WARN] PackLoader:240 - Cannot read IP mode file for Infineon.AIROC-Wi-Fi-Bluetooth-STM32.1.7.1
2025-11-16 17:28:34,202 [WARN] PackLoader:240 - Cannot read IP mode file for STMicroelectronics.X-CUBE-AZRTOS-H7.3.4.0
2025-11-16 17:28:34,224 [WARN] PackLoader:240 - Cannot read IP mode file for STMicroelectronics.X-CUBE-DISPLAY.3.0.0
2025-11-16 17:28:34,247 [WARN] PackLoader:240 - Cannot read IP mode file for STMicroelectronics.X-CUBE-BLE1.7.0.0
2025-11-16 17:28:34,262 [WARN] PackLoader:240 - Cannot read IP mode file for STMicroelectronics.X-CUBE-NFC10.1.0.0
2025-11-16 17:28:34,280 [WARN] PackLoader:240 - Cannot read IP mode file for STMicroelectronics.X-CUBE-BLEMGR.4.0.0
2025-11-16 17:28:34,293 [ERROR] Engine:466 - /Users/shykizzy/.stm32cubemx/thirdparties/pdsc/STMicroelectronics.X-CUBE-ST60.1.1.0.pdsc: PDSC version is not supported
2025-11-16 17:28:34,298 [WARN] PackLoader:240 - Cannot read IP mode file for emotas.I-CUBE-CANOPEN.1.3.0
2025-11-16 17:28:34,306 [WARN] PackLoader:240 - Cannot read IP mode file for STMicroelectronics.X-CUBE-GNSS1.7.1.0
2025-11-16 17:28:34,321 [WARN] PackLoader:240 - Cannot read IP mode file for STMicroelectronics.X-CUBE-BLEMGR.3.1.0
2025-11-16 17:28:34,332 [WARN] PackLoader:240 - Cannot read IP mode file for STMicroelectronics.X-CUBE-AI.10.0.0
2025-11-16 17:28:34,340 [ERROR] Engine:466 - /Users/shykizzy/.stm32cubemx/thirdparties/pdsc/STMicroelectronics.FP-SNS-STBOX1.2.1.0.pdsc: PDSC version is not supported
2025-11-16 17:28:34,347 [WARN] PackLoader:240 - Cannot read IP mode file for STMicroelectronics.FP-SNS-SMARTAG2.1.2.0
2025-11-16 17:28:34,353 [ERROR] Engine:466 - /Users/shykizzy/.stm32cubemx/thirdparties/pdsc/STMicroelectronics.FP-SNS-FLIGHT1.5.1.0.pdsc: PDSC version is not supported
2025-11-16 17:28:34,438 [WARN] PackLoader:240 - Cannot read IP mode file for STMicroelectronics.X-CUBE-MEMS1.11.1.0
2025-11-16 17:28:34,667 [INFO] LogOutputStream:77 - [STDOUT_REDIRECT] 1 : Invalid condition id : UX_CORESTACK_Condition cause : null
2025-11-16 17:28:34,669 [INFO] LogOutputStream:77 - [STDOUT_REDIRECT] 1 : Invalid condition id : UX_CORESTACK_Condition cause : null
2025-11-16 17:28:34,669 [INFO] LogOutputStream:77 - [STDOUT_REDIRECT] 1 : Invalid condition id : UX_CORESTACK_Condition cause : null
2025-11-16 17:28:34,670 [INFO] LogOutputStream:77 - [STDOUT_REDIRECT] 1 : Invalid condition id : UX_CORESTACK_Condition cause : null
2025-11-16 17:28:34,670 [INFO] LogOutputStream:77 - [STDOUT_REDIRECT] 1 : Invalid condition id : UX_CORESTACK_Condition cause : null
2025-11-16 17:28:34,675 [WARN] PackLoader:240 - Cannot read IP mode file for STMicroelectronics.X-CUBE-AZRTOS-WL.2.0.0
2025-11-16 17:28:34,683 [WARN] PackLoader:240 - Cannot read IP mode file for STMicroelectronics.FP-SNS-MOTENV1.5.0.0
2025-11-16 17:28:34,691 [WARN] PackLoader:240 - Cannot read IP mode file for wolfSSL.I-CUBE-wolfMQTT.1.19.0
2025-11-16 17:28:34,701 [WARN] PackLoader:240 - Cannot read IP mode file for WES.I-CUBE-Cesium.1.3.0
2025-11-16 17:28:34,709 [WARN] PackLoader:240 - Cannot read IP mode file for STMicroelectronics.X-CUBE-BLE2.3.3.0
2025-11-16 17:28:34,712 [ERROR] Engine:466 - /Users/shykizzy/.stm32cubemx/thirdparties/pdsc/Avnet-IOTCONNECT.X-CUBE-iotc-st67-sdk.1.0.0.pdsc: PDSC version is not supported
2025-11-16 17:28:34,722 [WARN] PackLoader:240 - Cannot read IP mode file for STMicroelectronics.X-CUBE-NFC9.1.0.0
2025-11-16 17:28:34,729 [WARN] PackLoader:240 - Cannot read IP mode file for wolfSSL.I-CUBE-wolfSSL.5.8.2
2025-11-16 17:28:34,735 [WARN] PackLoader:240 - Cannot read IP mode file for STMicroelectronics.X-CUBE-BLE1.7.1.0
2025-11-16 17:28:34,740 [WARN] PackLoader:240 - Cannot read IP mode file for wolfSSL.I-CUBE-wolfMQTT.1.19.2
2025-11-16 17:28:34,749 [WARN] PackLoader:240 - Cannot read IP mode file for STMicroelectronics.X-CUBE-TCPP.4.1.0
2025-11-16 17:28:34,758 [WARN] PackLoader:240 - Cannot read IP mode file for STMicroelectronics.X-CUBE-EEPRMA1.5.2.0
2025-11-16 17:28:34,765 [ERROR] Engine:466 - /Users/shykizzy/.stm32cubemx/thirdparties/pdsc/STMicroelectronics.X-CUBE-ST67W61.1.1.0.pdsc: PDSC version is not supported
2025-11-16 17:28:34,770 [WARN] PackLoader:240 - Cannot read IP mode file for STMicroelectronics.X-CUBE-AI.10.1.0
2025-11-16 17:28:34,869 [WARN] PackLoader:240 - Cannot read IP mode file for STMicroelectronics.X-CUBE-MEMS1.11.2.0
2025-11-16 17:28:35,056 [WARN] PackLoader:240 - Cannot read IP mode file for STMicroelectronics.X-CUBE-AZRTOS-G0.1.1.0
2025-11-16 17:28:35,069 [WARN] PackLoader:240 - Cannot read IP mode file for STMicroelectronics.X-CUBE-SAFEA1.1.2.2
2025-11-16 17:28:35,081 [WARN] PackLoader:240 - Cannot read IP mode file for STMicroelectronics.X-CUBE-NFC4.3.0.0
2025-11-16 17:28:35,097 [WARN] PackLoader:240 - Cannot read IP mode file for EmbeddedOffice.I-CUBE-FS-RTOS.1.0.1
2025-11-16 17:28:35,097 [ERROR] ConditionMgr:805 - Attr not supported : Dmpu
2025-11-16 17:28:35,098 [ERROR] ConditionMgr:805 - Attr not supported : Dmpu
2025-11-16 17:28:35,098 [ERROR] ConditionMgr:805 - Attr not supported : Dmpu
2025-11-16 17:28:35,098 [ERROR] ConditionMgr:805 - Attr not supported : Dmpu
2025-11-16 17:28:35,098 [ERROR] ConditionMgr:805 - Attr not supported : Dmpu
2025-11-16 17:28:35,098 [ERROR] ConditionMgr:805 - Attr not supported : Dmpu
2025-11-16 17:28:35,099 [ERROR] ConditionMgr:805 - Attr not supported : Dmpu
2025-11-16 17:28:35,099 [ERROR] ConditionMgr:805 - Attr not supported : Dmpu
2025-11-16 17:28:35,099 [ERROR] ConditionMgr:805 - Attr not supported : Dmpu
2025-11-16 17:28:35,099 [ERROR] ConditionMgr:805 - Attr not supported : Dmpu
2025-11-16 17:28:35,099 [ERROR] ConditionMgr:805 - Attr not supported : Dmpu
2025-11-16 17:28:35,099 [ERROR] ConditionMgr:805 - Attr not supported : Dmpu
2025-11-16 17:28:35,099 [ERROR] ConditionMgr:805 - Attr not supported : Dmpu
2025-11-16 17:28:35,100 [ERROR] ConditionMgr:805 - Attr not supported : Dmpu
2025-11-16 17:28:35,100 [ERROR] ConditionMgr:805 - Attr not supported : Dmpu
2025-11-16 17:28:35,100 [ERROR] ConditionMgr:805 - Attr not supported : Dmpu
2025-11-16 17:28:35,100 [ERROR] ConditionMgr:805 - Attr not supported : Dmpu
2025-11-16 17:28:35,100 [ERROR] ConditionMgr:805 - Attr not supported : Dmpu
2025-11-16 17:28:35,100 [ERROR] ConditionMgr:805 - Attr not supported : Dmpu
2025-11-16 17:28:35,100 [ERROR] ConditionMgr:805 - Attr not supported : Dmpu
2025-11-16 17:28:35,100 [ERROR] ConditionMgr:805 - Attr not supported : Dmpu
2025-11-16 17:28:35,101 [ERROR] ConditionMgr:805 - Attr not supported : Dmpu
2025-11-16 17:28:35,102 [ERROR] ConditionMgr:805 - Attr not supported : Dmpu
2025-11-16 17:28:35,102 [ERROR] ConditionMgr:805 - Attr not supported : Dmpu
2025-11-16 17:28:35,102 [ERROR] ConditionMgr:805 - Attr not supported : Dmpu
2025-11-16 17:28:35,102 [ERROR] ConditionMgr:805 - Attr not supported : Dmpu
2025-11-16 17:28:35,102 [ERROR] ConditionMgr:805 - Attr not supported : Dmpu
2025-11-16 17:28:35,103 [ERROR] ConditionMgr:805 - Attr not supported : Dmpu
2025-11-16 17:28:35,103 [ERROR] ConditionMgr:805 - Attr not supported : Dmpu
2025-11-16 17:28:35,103 [ERROR] ConditionMgr:805 - Attr not supported : Dmpu
2025-11-16 17:28:35,103 [ERROR] ConditionMgr:805 - Attr not supported : Dmpu
2025-11-16 17:28:35,103 [ERROR] ConditionMgr:805 - Attr not supported : Dmpu
2025-11-16 17:28:35,103 [ERROR] ConditionMgr:805 - Attr not supported : Dmpu
2025-11-16 17:28:35,103 [ERROR] ConditionMgr:805 - Attr not supported : Dmpu
2025-11-16 17:28:35,103 [ERROR] ConditionMgr:805 - Attr not supported : Dmpu
2025-11-16 17:28:35,103 [ERROR] ConditionMgr:805 - Attr not supported : Dmpu
2025-11-16 17:28:35,104 [ERROR] ConditionMgr:805 - Attr not supported : Dmpu
2025-11-16 17:28:35,104 [ERROR] ConditionMgr:805 - Attr not supported : Dmpu
2025-11-16 17:28:35,104 [ERROR] ConditionMgr:805 - Attr not supported : Dmpu
2025-11-16 17:28:35,104 [ERROR] ConditionMgr:805 - Attr not supported : Dmpu
2025-11-16 17:28:35,104 [ERROR] ConditionMgr:805 - Attr not supported : Dmpu
2025-11-16 17:28:35,104 [ERROR] ConditionMgr:805 - Attr not supported : Dmpu
2025-11-16 17:28:35,104 [ERROR] ConditionMgr:805 - Attr not supported : Dmpu
2025-11-16 17:28:35,105 [ERROR] ConditionMgr:805 - Attr not supported : Dmpu
2025-11-16 17:28:35,105 [ERROR] ConditionMgr:805 - Attr not supported : Dmpu
2025-11-16 17:28:35,105 [ERROR] ConditionMgr:805 - Attr not supported : Dmpu
2025-11-16 17:28:35,105 [ERROR] ConditionMgr:805 - Attr not supported : Dmpu
2025-11-16 17:28:35,105 [ERROR] ConditionMgr:805 - Attr not supported : Dmpu
2025-11-16 17:28:35,105 [ERROR] ConditionMgr:805 - Attr not supported : Dmpu
2025-11-16 17:28:35,105 [ERROR] ConditionMgr:805 - Attr not supported : Dmpu
2025-11-16 17:28:35,106 [ERROR] ConditionMgr:805 - Attr not supported : Dmpu
2025-11-16 17:28:35,106 [ERROR] ConditionMgr:805 - Attr not supported : Dmpu
2025-11-16 17:28:35,106 [ERROR] ConditionMgr:805 - Attr not supported : Dmpu
2025-11-16 17:28:35,106 [ERROR] ConditionMgr:805 - Attr not supported : Dmpu
2025-11-16 17:28:35,106 [ERROR] ConditionMgr:805 - Attr not supported : Dmpu
2025-11-16 17:28:35,106 [ERROR] ConditionMgr:805 - Attr not supported : Dmpu
2025-11-16 17:28:35,106 [ERROR] ConditionMgr:805 - Attr not supported : Dmpu
2025-11-16 17:28:35,107 [ERROR] ConditionMgr:805 - Attr not supported : Dmpu
2025-11-16 17:28:35,107 [ERROR] ConditionMgr:805 - Attr not supported : Dmpu
2025-11-16 17:28:35,107 [ERROR] ConditionMgr:805 - Attr not supported : Dmpu
2025-11-16 17:28:35,107 [ERROR] ConditionMgr:805 - Attr not supported : Dmpu
2025-11-16 17:28:35,107 [ERROR] ConditionMgr:805 - Attr not supported : Dmpu
2025-11-16 17:28:35,107 [ERROR] ConditionMgr:805 - Attr not supported : Dmpu
2025-11-16 17:28:35,107 [ERROR] ConditionMgr:805 - Attr not supported : Dmpu
2025-11-16 17:28:35,112 [WARN] PackLoader:240 - Cannot read IP mode file for STMicroelectronics.X-CUBE-WB05N.2.0.0
2025-11-16 17:28:35,119 [WARN] PackLoader:240 - Cannot read IP mode file for wolfSSL.I-CUBE-wolfTPM.3.8.0
2025-11-16 17:28:35,124 [ERROR] Engine:466 - /Users/shykizzy/.stm32cubemx/thirdparties/pdsc/STMicroelectronics.X-CUBE-TCPP.4.2.0.pdsc: PDSC version is not supported
2025-11-16 17:28:35,132 [WARN] PackLoader:240 - Cannot read IP mode file for RealThread.X-CUBE-RT-Thread_Nano.4.1.1
2025-11-16 17:28:35,137 [WARN] PackLoader:240 - Cannot read IP mode file for STMicroelectronics.FP-ATR-SIGFOX1.3.2.0
2025-11-16 17:28:35,142 [WARN] PackLoader:240 - Cannot read IP mode file for wolfSSL.I-CUBE-wolfSSL.5.7.2
2025-11-16 17:28:35,147 [WARN] ConditionMgr:438 - getConditionDescription Invalid condition id : Cortex-A Device cause : null
2025-11-16 17:28:35,161 [WARN] ConditionMgr:1039 - genDependencies : Invalid condition id : Cortex-A Device cause : null
2025-11-16 17:28:35,162 [WARN] ConditionMgr:1039 - genDependencies : Invalid condition id : Cortex-A Device cause : null
2025-11-16 17:28:35,162 [WARN] ConditionMgr:1039 - genDependencies : Invalid condition id : Cortex-A Device cause : null
2025-11-16 17:28:35,171 [WARN] PackLoader:240 - Cannot read IP mode file for STMicroelectronics.X-CUBE-EEPRMA1.5.1.0
2025-11-16 17:28:35,181 [WARN] PackLoader:240 - Cannot read IP mode file for ITTIA_DB.I-CUBE-ITTIADB.8.9.0
2025-11-16 17:28:35,188 [ERROR] Engine:466 - /Users/shykizzy/.stm32cubemx/thirdparties/pdsc/STMicroelectronics.X-CUBE-ST67W61.1.0.0.pdsc: PDSC version is not supported
2025-11-16 17:28:35,193 [WARN] PackLoader:240 - Cannot read IP mode file for STMicroelectronics.X-CUBE-AI.10.2.0
2025-11-16 17:28:35,246 [WARN] PackLoader:240 - Cannot read IP mode file for SEGGER.I-CUBE-embOS.1.3.1
2025-11-16 17:28:35,311 [WARN] PackLoader:240 - Cannot read IP mode file for STMicroelectronics.X-CUBE-ALGOBUILD.1.4.0
2025-11-16 17:28:35,389 [WARN] PackLoader:240 - Cannot read IP mode file for STMicroelectronics.X-CUBE-MEMS1.11.3.0
2025-11-16 17:28:35,561 [WARN] PackLoader:240 - Cannot read IP mode file for STMicroelectronics.X-CUBE-AI.9.1.0
2025-11-16 17:28:35,565 [WARN] PackLoader:240 - Cannot read IP mode file for STMicroelectronics.X-CUBE-PM33A1.1.0.0
2025-11-16 17:28:35,583 [WARN] PackLoader:240 - Cannot read IP mode file for STMicroelectronics.X-CUBE-AZRTOS-F4.1.1.0
2025-11-16 17:28:35,602 [ERROR] Engine:466 - /Users/shykizzy/.stm32cubemx/thirdparties/pdsc/Avnet-IotConnect.X-CUBE-IoTC-DA16k-PMOD.1.0.0.pdsc: PDSC version is not supported
2025-11-16 17:28:35,605 [WARN] PackLoader:240 - Cannot read IP mode file for STMicroelectronics.X-CUBE-ISPU.2.1.0
2025-11-16 17:28:35,610 [ERROR] Engine:466 - /Users/shykizzy/.stm32cubemx/thirdparties/pdsc/STMicroelectronics.X-CUBE-IPS.3.2.0.pdsc: PDSC version is not supported
2025-11-16 17:28:35,617 [WARN] PackLoader:240 - Cannot read IP mode file for STMicroelectronics.X-CUBE-FREERTOS.1.2.0
2025-11-16 17:28:35,776 [WARN] PackLoader:240 - Cannot read IP mode file for STMicroelectronics.X-CUBE-NFC12.1.0.0
2025-11-16 17:28:35,801 [WARN] PackLoader:240 - Cannot read IP mode file for STMicroelectronics.X-CUBE-AZRTOS-L5.2.0.0
2025-11-16 17:28:35,812 [WARN] PackLoader:240 - Cannot read IP mode file for STMicroelectronics.X-CUBE-NFC6.3.1.0
2025-11-16 17:28:35,819 [WARN] PackLoader:240 - Cannot read IP mode file for STMicroelectronics.X-CUBE-DPower.1.2.0
2025-11-16 17:28:35,824 [WARN] PackLoader:240 - Cannot read IP mode file for STMicroelectronics.X-CUBE-AI.9.0.0
2025-11-16 17:28:35,831 [WARN] PackLoader:240 - Cannot read IP mode file for STMicroelectronics.X-CUBE-FREERTOS.1.3.1
2025-11-16 17:28:35,840 [WARN] PackLoader:240 - Cannot read IP mode file for STMicroelectronics.X-CUBE-FREERTOS.1.3.0
2025-11-16 17:28:35,847 [WARN] PackLoader:240 - Cannot read IP mode file for STMicroelectronics.X-CUBE-NFC7.1.0.1
2025-11-16 17:28:35,854 [WARN] PackLoader:240 - Cannot read IP mode file for STMicroelectronics.X-CUBE-TOUCHGFX.4.26.0
2025-11-16 17:28:35,860 [ERROR] Engine:466 - /Users/shykizzy/.stm32cubemx/thirdparties/pdsc/STMicroelectronics.FP-SNS-STAIOTCFT.1.0.0.pdsc: PDSC version is not supported
2025-11-16 17:28:35,867 [WARN] PackLoader:240 - Cannot read IP mode file for STMicroelectronics.X-CUBE-DPower.1.3.0
2025-11-16 17:28:35,904 [WARN] ConditionMgr:438 - getConditionDescription Invalid condition id : LAN8742 Phy interface Condition cause : null
2025-11-16 17:28:35,905 [WARN] PackLoader:240 - Cannot read IP mode file for STMicroelectronics.X-CUBE-AZRTOS-L4.2.0.0
2025-11-16 17:28:35,906 [WARN] ConditionMgr:1039 - genDependencies : Invalid condition id : LAN8742 Phy interface Condition cause : null
2025-11-16 17:28:35,907 [WARN] ConditionMgr:1039 - genDependencies : Invalid condition id : LAN8742 Phy interface Condition cause : null
2025-11-16 17:28:35,908 [WARN] ConditionMgr:1039 - genDependencies : Invalid condition id : LAN8742 Phy interface Condition cause : null
2025-11-16 17:28:35,916 [WARN] PackLoader:240 - Cannot read IP mode file for STMicroelectronics.X-CUBE-SFXS2LP1.4.0.0
2025-11-16 17:28:35,946 [WARN] PackLoader:240 - Cannot read IP mode file for STMicroelectronics.X-CUBE-AZRTOS-H7.3.3.0
2025-11-16 17:28:35,954 [ERROR] Engine:466 - /Users/shykizzy/.stm32cubemx/thirdparties/pdsc/STMicroelectronics.X-CUBE-BLEMGR.4.1.0.pdsc: PDSC version is not supported
2025-11-16 17:28:35,964 [WARN] PackLoader:240 - Cannot read IP mode file for STMicroelectronics.X-CUBE-IPS.3.0.0
2025-11-16 17:28:35,984 [WARN] ConditionMgr:438 - getConditionDescription Invalid condition id : UX DEVICE CLASS RTOS Condition cause : null
2025-11-16 17:28:35,984 [WARN] ConditionMgr:438 - getConditionDescription Invalid condition id : UX DEVICE CLASS RTOS Condition cause : null
2025-11-16 17:28:35,987 [WARN] PackLoader:240 - Cannot read IP mode file for STMicroelectronics.X-CUBE-AZRTOS-WB.2.0.0
2025-11-16 17:28:35,988 [WARN] ConditionMgr:1039 - genDependencies : Invalid condition id : UX DEVICE CLASS RTOS Condition cause : null
2025-11-16 17:28:35,989 [WARN] ConditionMgr:1039 - genDependencies : Invalid condition id : UX DEVICE CLASS RTOS Condition cause : null
2025-11-16 17:28:35,989 [WARN] ConditionMgr:1039 - genDependencies : Invalid condition id : UX DEVICE CLASS RTOS Condition cause : null
2025-11-16 17:28:35,990 [WARN] ConditionMgr:1039 - genDependencies : Invalid condition id : UX DEVICE CLASS RTOS Condition cause : null
2025-11-16 17:28:35,991 [WARN] ConditionMgr:1039 - genDependencies : Invalid condition id : UX DEVICE CLASS RTOS Condition cause : null
2025-11-16 17:28:35,998 [WARN] PackLoader:240 - Cannot read IP mode file for STMicroelectronics.X-CUBE-GNSS1.7.0.0
2025-11-16 17:28:36,004 [WARN] PackLoader:240 - Cannot read IP mode file for STMicroelectronics.X-CUBE-GNSS1.7.0.1
2025-11-16 17:28:36,008 [WARN] PackLoader:240 - Cannot read IP mode file for STMicroelectronics.X-CUBE-TOUCHGFX.4.25.0
2025-11-16 17:28:36,014 [WARN] PackLoader:240 - Cannot read IP mode file for STMicroelectronics.FP-SNS-STBOX1.2.0.0
2025-11-16 17:28:36,019 [WARN] ConditionMgr:438 - getConditionDescription Invalid condition id : Cortex-A Device cause : null
2025-11-16 17:28:36,027 [WARN] ConditionMgr:1039 - genDependencies : Invalid condition id : Cortex-A Device cause : null
2025-11-16 17:28:36,027 [WARN] ConditionMgr:1039 - genDependencies : Invalid condition id : Cortex-A Device cause : null
2025-11-16 17:28:36,027 [WARN] ConditionMgr:1039 - genDependencies : Invalid condition id : Cortex-A Device cause : null
2025-11-16 17:28:36,040 [WARN] PackLoader:240 - Cannot read IP mode file for STMicroelectronics.X-CUBE-SUBG2.5.0.0
2025-11-16 17:28:36,068 [WARN] PackLoader:240 - Cannot read IP mode file for STMicroelectronics.X-CUBE-AZRTOS-H7RS.1.1.0
2025-11-16 17:28:36,075 [WARN] PackLoader:240 - Cannot read IP mode file for Cesanta.I-CUBE-Mongoose.7.13.0
2025-11-16 17:28:36,093 [WARN] PackLoader:240 - Cannot read IP mode file for STMicroelectronics.X-CUBE-AZRTOS-G4.2.0.0
2025-11-16 17:28:36,098 [WARN] PackLoader:240 - Cannot read IP mode file for wolfSSL.I-CUBE-wolfSSH.1.4.20
2025-11-16 17:28:36,102 [WARN] PackLoader:240 - Cannot read IP mode file for STMicroelectronics.X-CUBE-NFC7.2.0.0
2025-11-16 17:28:36,107 [ERROR] Engine:466 - /Users/shykizzy/.stm32cubemx/thirdparties/pdsc/STMicroelectronics.X-CUBE-IPS.3.1.0.pdsc: PDSC version is not supported
2025-11-16 17:28:36,111 [WARN] PackLoader:240 - Cannot read IP mode file for STMicroelectronics.X-CUBE-ALS.1.0.2
2025-11-16 17:28:36,114 [WARN] PackLoader:240 - Cannot read IP mode file for STMicroelectronics.X-CUBE-TOUCHGFX.4.24.2
2025-11-16 17:28:36,117 [WARN] PackLoader:240 - Cannot read IP mode file for STMicroelectronics.X-CUBE-TOUCHGFX.4.24.1
2025-11-16 17:28:36,122 [WARN] PackLoader:240 - Cannot read IP mode file for STMicroelectronics.X-CUBE-STSE01.1.0.0
2025-11-16 17:28:36,127 [WARN] PackLoader:240 - Cannot read IP mode file for wolfSSL.I-CUBE-wolfTPM.3.4.0
2025-11-16 17:28:36,132 [WARN] PackLoader:240 - Cannot read IP mode file for portGmbH.I-Cube-SoM-uGOAL.1.1.0
2025-11-16 17:28:36,151 [WARN] PackLoader:240 - Cannot read IP mode file for STMicroelectronics.X-CUBE-AZRTOS-H7RS.1.0.0
2025-11-16 17:28:36,156 [WARN] PackLoader:240 - Cannot read IP mode file for STMicroelectronics.FP-ATR-ASTRA1.2.0.0
2025-11-16 17:28:36,165 [WARN] PackLoader:240 - Cannot read IP mode file for STMicroelectronics.X-CUBE-TOF1.3.4.2
2025-11-16 17:28:36,179 [ERROR] Engine:466 - /Users/shykizzy/.stm32cubemx/thirdparties/pdsc/STMicroelectronics.X-CUBE-TOF1.3.4.3.pdsc: PDSC version is not supported
2025-11-16 17:28:36,197 [WARN] PackLoader:240 - Cannot read IP mode file for Infineon.AIROC-Wi-Fi-Bluetooth-STM32.1.6.1
2025-11-16 17:28:36,202 [WARN] PackLoader:240 - Cannot read IP mode file for wolfSSL.I-CUBE-wolfSSH.1.4.17
2025-11-16 17:28:36,203 [INFO] ThirdParty:978 - Integrity check success = true
2025-11-16 17:28:36,203 [INFO] IntegrityCheckThread:100 - exiting critical section [integrity check]
2025-11-16 17:28:36,203 [INFO] IntegrityCheckThread:103 - End integrity checks thread
2025-11-16 17:29:28,950 [ERROR] LogOutputStream:75 - [STDERR_REDIRECT] 
2025-11-16 17:49:58,335 [INFO] Activator:176 - 


2025-11-16 17:49:58,339 [INFO] Activator:177 - !SESSION log4j initialized
2025-11-16 17:49:59,540 [INFO] LogOutputStream:77 - [STDOUT_REDIRECT] 
2025-11-16 17:50:00,629 [ERROR] LogOutputStream:75 - [STDERR_REDIRECT] 
2025-11-16 17:50:02,943 [INFO] LogOutputStream:77 - [STDOUT_REDIRECT] 
2025-11-16 17:50:05,142 [INFO] ApplicationProperties:184 - Using Application install path: /Applications/STM32CubeIDE.app/Contents/Eclipse/plugins/com.st.stm32cube.common.mx_6.12.1.202409122256
2025-11-16 17:50:05,174 [INFO] DbMcusXml:78 - Set database path to: /Applications/STM32CubeIDE.app/Contents/Eclipse/plugins/com.st.stm32cube.common.mx_6.12.1.202409122256//db//mcu/
2025-11-16 17:50:05,175 [INFO] ApiDb:274 - Set plugin database path to: /Applications/STM32CubeIDE.app/Contents/Eclipse/plugins/com.st.stm32cube.common.mx_6.12.1.202409122256//db//plugins/boardmanager/
2025-11-16 17:50:05,175 [WARN] ApiDb:259 - Overriding images path with different value:  => /Applications/STM32CubeIDE.app/Contents/Eclipse/plugins/com.st.stm32cube.common.mx_6.12.1.202409122256//db//plugins/mcufinder/images/
2025-11-16 17:50:05,186 [INFO] ApiDb:250 - Set database path to: /Users/shykizzy/.stmcufinder/plugins/mcufinder//mcu/
2025-11-16 17:50:05,189 [INFO] DbMcusAds:125 - Set database path to: /Users/shykizzy/.stmcufinder/plugins/mcufinder//mcu/
2025-11-16 17:50:05,192 [INFO] CrossReferenceDbSqlite:203 - Set database path to: /Users/shykizzy/.stmcufinder/plugins/mcufinder//mcu/cs/
2025-11-16 17:50:05,473 [INFO] RulesReader:64 - Compatibility file has been processed (297 Rules)
2025-11-16 17:50:05,643 [INFO] DbMcusXml:78 - Set database path to: /Applications/STM32CubeIDE.app/Contents/Eclipse/plugins/com.st.stm32cube.common.mx_6.12.1.202409122256//db//mcu/
2025-11-16 17:50:05,643 [INFO] ApiDb:274 - Set plugin database path to: /Applications/STM32CubeIDE.app/Contents/Eclipse/plugins/com.st.stm32cube.common.mx_6.12.1.202409122256//db//plugins/boardmanager/
2025-11-16 17:50:05,643 [INFO] ApiDb:261 - Set plugin images path to: /Applications/STM32CubeIDE.app/Contents/Eclipse/plugins/com.st.stm32cube.common.mx_6.12.1.202409122256//db//plugins/mcufinder/images/
2025-11-16 17:50:05,644 [WARN] DbFile:41 - Overriding database path with different value: /Users/shykizzy/.stmcufinder/plugins/mcufinder/ => /Users/shykizzy/.stmcufinder/plugins/mcufinder
2025-11-16 17:50:05,644 [INFO] ApiDb:250 - Set database path to: /Users/shykizzy/.stmcufinder/plugins/mcufinder//mcu/
2025-11-16 17:50:05,644 [WARN] DbFile:41 - Overriding database path with different value: /Users/shykizzy/.stmcufinder/plugins/mcufinder/ => /Users/shykizzy/.stmcufinder/plugins/mcufinder
2025-11-16 17:50:05,645 [INFO] DbMcusAds:125 - Set database path to: /Users/shykizzy/.stmcufinder/plugins/mcufinder//mcu/
2025-11-16 17:50:05,645 [WARN] DbFile:41 - Overriding database path with different value: /Users/shykizzy/.stmcufinder/plugins/mcufinder/ => /Users/shykizzy/.stmcufinder/plugins/mcufinder
2025-11-16 17:50:05,645 [WARN] DbFile:41 - Overriding database path with different value: /Users/shykizzy/.stmcufinder/plugins/mcufinder/ => /Users/shykizzy/.stmcufinder/plugins/mcufinder
2025-11-16 17:50:05,646 [INFO] CrossReferenceDbSqlite:203 - Set database path to: /Users/shykizzy/.stmcufinder/plugins/mcufinder//mcu/cs/
2025-11-16 17:50:05,793 [INFO] MainPanel:268 - HeapMemory: 268435456
2025-11-16 17:50:06,956 [INFO] DbMcusXml:78 - Set database path to: /Applications/STM32CubeIDE.app/Contents/Eclipse/plugins/com.st.stm32cube.common.mx_6.12.1.202409122256//db//mcu/
2025-11-16 17:50:06,957 [INFO] ApiDb:274 - Set plugin database path to: /Applications/STM32CubeIDE.app/Contents/Eclipse/plugins/com.st.stm32cube.common.mx_6.12.1.202409122256//db//plugins/boardmanager/
2025-11-16 17:50:06,957 [INFO] ApiDb:261 - Set plugin images path to: /Applications/STM32CubeIDE.app/Contents/Eclipse/plugins/com.st.stm32cube.common.mx_6.12.1.202409122256//db//plugins/mcufinder/images/
2025-11-16 17:50:06,958 [WARN] DbFile:41 - Overriding database path with different value: /Users/shykizzy/.stmcufinder/plugins/mcufinder/ => /Users/shykizzy/.stmcufinder/plugins/mcufinder
2025-11-16 17:50:06,958 [INFO] ApiDb:250 - Set database path to: /Users/shykizzy/.stmcufinder/plugins/mcufinder//mcu/
2025-11-16 17:50:06,959 [WARN] DbFile:41 - Overriding database path with different value: /Users/shykizzy/.stmcufinder/plugins/mcufinder/ => /Users/shykizzy/.stmcufinder/plugins/mcufinder
2025-11-16 17:50:06,959 [INFO] DbMcusAds:125 - Set database path to: /Users/shykizzy/.stmcufinder/plugins/mcufinder//mcu/
2025-11-16 17:50:06,959 [WARN] DbFile:41 - Overriding database path with different value: /Users/shykizzy/.stmcufinder/plugins/mcufinder/ => /Users/shykizzy/.stmcufinder/plugins/mcufinder
2025-11-16 17:50:06,959 [WARN] DbFile:41 - Overriding database path with different value: /Users/shykizzy/.stmcufinder/plugins/mcufinder/ => /Users/shykizzy/.stmcufinder/plugins/mcufinder
2025-11-16 17:50:06,959 [INFO] CrossReferenceDbSqlite:203 - Set database path to: /Users/shykizzy/.stmcufinder/plugins/mcufinder//mcu/cs/
2025-11-16 17:50:06,989 [INFO] ApplicationProperties:184 - Using Application install path: /Applications/STM32CubeIDE.app/Contents/Eclipse/plugins/com.st.stm32cube.common.mx_6.12.1.202409122256
2025-11-16 17:50:06,993 [INFO] PluginManage:196 - Search for loadable plugins [exclusion list=, ]
2025-11-16 17:50:06,997 [INFO] PluginManage:310 - Check plugin analytics
2025-11-16 17:50:07,262 [INFO] AnalyticsPlugin:253 - Accepted Software Licenses: STM32CubeMX.6.12.0
2025-11-16 17:50:07,262 [INFO] AnalyticsPlugin:255 - Accepted CMSIS Pack Licenses: STMicroelectronics.X-CUBE-FREERTOS.1.2.0
2025-11-16 17:50:07,262 [INFO] AnalyticsPlugin:257 - Accepted Firmware Licenses: FW.C0.1.1.0,FW.F4.1.28.0,FW.L4.1.18.0,FW.C0.1.2.0
2025-11-16 17:50:07,265 [INFO] PluginManage:359 - Loaded plugin analytics (category:tool,tabindex:-1)
2025-11-16 17:50:07,266 [INFO] PluginManage:310 - Check plugin cadmodel
2025-11-16 17:50:07,275 [INFO] CADModel:105 - Init CAD model plugin
2025-11-16 17:50:07,275 [INFO] PluginManage:359 - Loaded plugin cadmodel (category:power,tabindex:5)
2025-11-16 17:50:07,276 [INFO] PluginManage:310 - Check plugin clock
2025-11-16 17:50:07,292 [INFO] PluginManage:359 - Loaded plugin clock (category:base,tabindex:2)
2025-11-16 17:50:07,293 [INFO] PluginManage:310 - Check plugin ddr
2025-11-16 17:50:07,297 [INFO] PluginManage:359 - Loaded plugin ddr (category:tool,tabindex:6)
2025-11-16 17:50:07,298 [INFO] PluginManage:310 - Check plugin filemanager
2025-11-16 17:50:07,496 [INFO] PluginManage:359 - Loaded plugin filemanager (category:base,tabindex:10)
2025-11-16 17:50:07,496 [INFO] PluginManage:310 - Check plugin ipmanager
2025-11-16 17:50:07,506 [INFO] PluginManage:359 - Loaded plugin ipmanager (category:base,tabindex:5)
2025-11-16 17:50:07,507 [INFO] PluginManage:310 - Check plugin lpbam
2025-11-16 17:50:07,523 [INFO] PluginManage:359 - Loaded plugin lpbam (category:base,tabindex:0)
2025-11-16 17:50:07,523 [INFO] PluginManage:310 - Check plugin memorymap
2025-11-16 17:50:07,546 [INFO] PluginManage:359 - Loaded plugin memorymap (category:base,tabindex:4)
2025-11-16 17:50:07,546 [INFO] PluginManage:310 - Check plugin pinoutandconfiguration
2025-11-16 17:50:07,557 [INFO] PluginManage:359 - Loaded plugin pinoutandconfiguration (category:base,tabindex:1)
2025-11-16 17:50:07,558 [INFO] PluginManage:310 - Check plugin pinoutconfig
2025-11-16 17:50:07,739 [WARN] SupportedApi:132 - Cannot load RTOS API schema: s4s-elt-must-match.1: The content of 'definitions' must match (annotation?, (simpleType | complexType)?, (unique | key | keyref)*)). A problem was found starting at: attribute.
2025-11-16 17:50:07,941 [INFO] PluginManage:359 - Loaded plugin pinoutconfig (category:base,tabindex:0)
2025-11-16 17:50:07,941 [INFO] PluginManage:310 - Check plugin power
2025-11-16 17:50:07,953 [INFO] PluginManage:359 - Loaded plugin power (category:power,tabindex:4)
2025-11-16 17:50:07,954 [INFO] PluginManage:310 - Check plugin projectmanager
2025-11-16 17:50:07,972 [INFO] PluginManage:359 - Loaded plugin projectmanager (category:projectmanager,tabindex:4)
2025-11-16 17:50:07,973 [INFO] PluginManage:310 - Check plugin rif
2025-11-16 17:50:07,991 [INFO] PluginManage:359 - Loaded plugin rif (category:base,tabindex:3)
2025-11-16 17:50:07,991 [INFO] PluginManage:310 - Check plugin thirdparty
2025-11-16 17:50:08,221 [INFO] PluginManage:359 - Loaded plugin thirdparty (category:base,tabindex:-1)
2025-11-16 17:50:08,221 [WARN] IntegrityCheckThread:84 - waiting for thirdparty lock release [integrity check]
2025-11-16 17:50:08,222 [INFO] IntegrityCheckThread:86 - entering critical section [integrity check]
2025-11-16 17:50:08,222 [INFO] PluginManage:310 - Check plugin tools
2025-11-16 17:50:08,222 [INFO] ThirdPartyUpdaterWithRetryManager:70 - Updater plugin not ready yet. [1/15]
2025-11-16 17:50:08,227 [INFO] PluginManage:359 - Loaded plugin tools (category:base,tabindex:7)
2025-11-16 17:50:08,228 [INFO] PluginManage:310 - Check plugin tutovideos
2025-11-16 17:50:08,502 [INFO] PluginManage:359 - Loaded plugin tutovideos (category:base,tabindex:-1)
2025-11-16 17:50:08,502 [INFO] PluginManage:310 - Check plugin updater
2025-11-16 17:50:08,522 [INFO] PluginManage:359 - Loaded plugin updater (category:base,tabindex:12)
2025-11-16 17:50:08,522 [INFO] PluginManage:310 - Check plugin userauth
2025-11-16 17:50:08,529 [INFO] UserAuth:113 - Init User Auth plugin
2025-11-16 17:50:08,529 [INFO] PluginManage:359 - Loaded plugin userauth (category:base,tabindex:14)
2025-11-16 17:50:08,530 [INFO] PluginManage:283 - PluginManage : Loaded plugins [18]
2025-11-16 17:50:08,783 [INFO] PinOutPanel:1561 - setPackage(No Configuration,No Configuration)
2025-11-16 17:50:08,891 [INFO] CADModel:165 - CPN selected for project level
2025-11-16 17:50:08,891 [INFO] CADModel:114 - Register for checkConnection events
2025-11-16 17:50:08,911 [INFO] IPUIPlugin:80 - create IPUIPlugin
2025-11-16 17:50:08,911 [INFO] PluginManager:220 - loadIPPluginJar : add mdma
2025-11-16 17:50:08,920 [INFO] IPUIPlugin:80 - create IPUIPlugin
2025-11-16 17:50:08,920 [INFO] PluginManager:220 - loadIPPluginJar : add freertos
2025-11-16 17:50:08,927 [INFO] IPUIPlugin:80 - create IPUIPlugin
2025-11-16 17:50:08,928 [INFO] PluginManager:220 - loadIPPluginJar : add gic
2025-11-16 17:50:08,939 [INFO] IPUIPlugin:80 - create IPUIPlugin
2025-11-16 17:50:08,939 [INFO] PluginManager:220 - loadIPPluginJar : add adc
2025-11-16 17:50:08,943 [INFO] IPUIPlugin:80 - create IPUIPlugin
2025-11-16 17:50:08,943 [INFO] PluginManager:220 - loadIPPluginJar : add gtzc
2025-11-16 17:50:08,945 [INFO] IPUIPlugin:80 - create IPUIPlugin
2025-11-16 17:50:08,945 [INFO] PluginManager:220 - loadIPPluginJar : add quadspi
2025-11-16 17:50:08,949 [INFO] IPUIPlugin:80 - create IPUIPlugin
2025-11-16 17:50:08,949 [INFO] PluginManager:220 - loadIPPluginJar : add aes
2025-11-16 17:50:08,952 [INFO] IPUIPlugin:80 - create IPUIPlugin
2025-11-16 17:50:08,952 [INFO] PluginManager:220 - loadIPPluginJar : add pdm2pcm
2025-11-16 17:50:08,955 [INFO] IPUIPlugin:80 - create IPUIPlugin
2025-11-16 17:50:08,955 [INFO] PluginManager:220 - loadIPPluginJar : add hash
2025-11-16 17:50:08,957 [INFO] IPUIPlugin:80 - create IPUIPlugin
2025-11-16 17:50:08,958 [INFO] PluginManager:220 - loadIPPluginJar : add tim
2025-11-16 17:50:08,959 [INFO] IPUIPlugin:80 - create IPUIPlugin
2025-11-16 17:50:08,960 [INFO] PluginManager:220 - loadIPPluginJar : add tsc
2025-11-16 17:50:08,963 [INFO] IPUIPlugin:80 - create IPUIPlugin
2025-11-16 17:50:08,964 [INFO] PluginManager:220 - loadIPPluginJar : add extmemmanager
2025-11-16 17:50:08,966 [INFO] IPUIPlugin:80 - create IPUIPlugin
2025-11-16 17:50:08,966 [INFO] PluginManager:220 - loadIPPluginJar : add ts
2025-11-16 17:50:08,968 [INFO] IPUIPlugin:80 - create IPUIPlugin
2025-11-16 17:50:08,969 [INFO] PluginManager:220 - loadIPPluginJar : add radio
2025-11-16 17:50:08,972 [INFO] IPUIPlugin:80 - create IPUIPlugin
2025-11-16 17:50:08,972 [INFO] PluginManager:220 - loadIPPluginJar : add can
2025-11-16 17:50:08,974 [INFO] IPUIPlugin:80 - create IPUIPlugin
2025-11-16 17:50:08,974 [INFO] PluginManager:220 - loadIPPluginJar : add dma3
2025-11-16 17:50:08,977 [INFO] IPUIPlugin:80 - create IPUIPlugin
2025-11-16 17:50:08,977 [INFO] PluginManager:220 - loadIPPluginJar : add dfsdm
2025-11-16 17:50:08,979 [INFO] IPUIPlugin:80 - create IPUIPlugin
2025-11-16 17:50:08,980 [INFO] PluginManager:220 - loadIPPluginJar : add spi
2025-11-16 17:50:08,982 [INFO] IPUIPlugin:80 - create IPUIPlugin
2025-11-16 17:50:08,983 [INFO] PluginManager:220 - loadIPPluginJar : add gfxmmu
2025-11-16 17:50:08,984 [INFO] IPUIPlugin:80 - create IPUIPlugin
2025-11-16 17:50:08,985 [INFO] PluginManager:220 - loadIPPluginJar : add genericplugin
2025-11-16 17:50:08,988 [INFO] IPUIPlugin:80 - create IPUIPlugin
2025-11-16 17:50:08,988 [INFO] PluginManager:220 - loadIPPluginJar : add cryp
2025-11-16 17:50:08,993 [INFO] IPUIPlugin:80 - create IPUIPlugin
2025-11-16 17:50:08,993 [INFO] PluginManager:220 - loadIPPluginJar : add gpio
2025-11-16 17:50:08,996 [INFO] IPUIPlugin:80 - create IPUIPlugin
2025-11-16 17:50:08,996 [INFO] PluginManager:220 - loadIPPluginJar : add ddr_ctrl_phy
2025-11-16 17:50:08,998 [INFO] IPUIPlugin:80 - create IPUIPlugin
2025-11-16 17:50:08,998 [INFO] PluginManager:220 - loadIPPluginJar : add comp
2025-11-16 17:50:09,000 [INFO] IPUIPlugin:80 - create IPUIPlugin
2025-11-16 17:50:09,000 [INFO] PluginManager:220 - loadIPPluginJar : add tracer_emb
2025-11-16 17:50:09,004 [INFO] IPUIPlugin:80 - create IPUIPlugin
2025-11-16 17:50:09,004 [INFO] PluginManager:220 - loadIPPluginJar : add openamp
2025-11-16 17:50:09,010 [INFO] IPUIPlugin:80 - create IPUIPlugin
2025-11-16 17:50:09,011 [INFO] PluginManager:220 - loadIPPluginJar : add stm32_wpan
2025-11-16 17:50:09,017 [INFO] IPUIPlugin:80 - create IPUIPlugin
2025-11-16 17:50:09,020 [INFO] PluginManager:220 - loadIPPluginJar : add plateformsettings
2025-11-16 17:50:09,024 [INFO] IPUIPlugin:80 - create IPUIPlugin
2025-11-16 17:50:09,024 [INFO] PluginManager:220 - loadIPPluginJar : add ipddr
2025-11-16 17:50:09,027 [INFO] IPUIPlugin:80 - create IPUIPlugin
2025-11-16 17:50:09,027 [INFO] PluginManager:220 - loadIPPluginJar : add usart
2025-11-16 17:50:09,029 [INFO] IPUIPlugin:80 - create IPUIPlugin
2025-11-16 17:50:09,029 [INFO] PluginManager:220 - loadIPPluginJar : add ltdc
2025-11-16 17:50:09,034 [INFO] IPUIPlugin:80 - create IPUIPlugin
2025-11-16 17:50:09,034 [INFO] PluginManager:220 - loadIPPluginJar : add nvic
2025-11-16 17:50:09,036 [INFO] IPUIPlugin:80 - create IPUIPlugin
2025-11-16 17:50:09,036 [INFO] PluginManager:220 - loadIPPluginJar : add fatfs
2025-11-16 17:50:09,044 [INFO] IPUIPlugin:80 - create IPUIPlugin
2025-11-16 17:50:09,044 [INFO] PluginManager:220 - loadIPPluginJar : add linkedlist
2025-11-16 17:50:09,051 [INFO] IPUIPlugin:80 - create IPUIPlugin
2025-11-16 17:50:09,051 [INFO] PluginManager:220 - loadIPPluginJar : add dma
2025-11-16 17:50:09,057 [INFO] IPUIPlugin:80 - create IPUIPlugin
2025-11-16 17:50:09,058 [INFO] PluginManager:220 - loadIPPluginJar : add fmc
2025-11-16 17:50:09,060 [INFO] IPUIPlugin:80 - create IPUIPlugin
2025-11-16 17:50:09,061 [INFO] PluginManager:220 - loadIPPluginJar : add i2s
2025-11-16 17:50:09,063 [INFO] IPUIPlugin:80 - create IPUIPlugin
2025-11-16 17:50:09,063 [INFO] PluginManager:220 - loadIPPluginJar : add ucpd
2025-11-16 17:50:09,066 [INFO] IPUIPlugin:80 - create IPUIPlugin
2025-11-16 17:50:09,066 [INFO] PluginManager:220 - loadIPPluginJar : add lorawan
2025-11-16 17:50:09,069 [INFO] IPUIPlugin:80 - create IPUIPlugin
2025-11-16 17:50:09,070 [INFO] PluginManager:220 - loadIPPluginJar : add opamp
2025-11-16 17:50:09,074 [INFO] IPUIPlugin:80 - create IPUIPlugin
2025-11-16 17:50:09,074 [INFO] PluginManager:220 - loadIPPluginJar : add i3c
2025-11-16 17:50:09,077 [INFO] IPUIPlugin:80 - create IPUIPlugin
2025-11-16 17:50:09,078 [INFO] PluginManager:220 - loadIPPluginJar : add touchsensing
2025-11-16 17:50:09,081 [INFO] IPUIPlugin:80 - create IPUIPlugin
2025-11-16 17:50:09,081 [INFO] PluginManager:220 - loadIPPluginJar : add i2c
2025-11-16 17:50:09,085 [INFO] IPUIPlugin:80 - create IPUIPlugin
2025-11-16 17:50:09,085 [INFO] PluginManager:220 - loadIPPluginJar : add resmgrutility
2025-11-16 17:50:09,089 [INFO] IPUIPlugin:80 - create IPUIPlugin
2025-11-16 17:50:09,090 [INFO] PluginManager:220 - loadIPPluginJar : add sai
2025-11-16 17:50:09,094 [INFO] IPUIPlugin:80 - create IPUIPlugin
2025-11-16 17:50:09,094 [INFO] PluginManager:220 - loadIPPluginJar : add usbx
2025-11-16 17:50:09,214 [INFO] CADModel:165 - CPN selected for project level
2025-11-16 17:50:09,215 [INFO] CADModel:114 - Register for checkConnection events
2025-11-16 17:50:09,215 [FATAL] Updater:334 - Updater called before beeing initialized
2025-11-16 17:50:09,215 [ERROR] CADModel:125 - Updater not yet initialized, retry later 
2025-11-16 17:50:09,453 [INFO] CADModel:165 - CPN selected for project level
2025-11-16 17:50:09,453 [INFO] CADModel:114 - Register for checkConnection events
2025-11-16 17:50:09,453 [FATAL] Updater:334 - Updater called before beeing initialized
2025-11-16 17:50:09,453 [ERROR] CADModel:125 - Updater not yet initialized, retry later 
2025-11-16 17:50:09,458 [FATAL] Updater:334 - Updater called before beeing initialized
2025-11-16 17:50:09,571 [FATAL] Updater:334 - Updater called before beeing initialized
2025-11-16 17:50:09,577 [INFO] DbMcusAds:53 - JSON generation date=Mon Nov 10 02:43:01 PST 2025 (1762771381096)
2025-11-16 17:50:09,577 [FATAL] Updater:334 - Updater called before beeing initialized
2025-11-16 17:50:09,681 [WARN] DetailPanel:346 - Failed to get advertising image, set to default
2025-11-16 17:50:09,794 [FATAL] Updater:334 - Updater called before beeing initialized
2025-11-16 17:50:09,795 [FATAL] Updater:334 - Updater called before beeing initialized
2025-11-16 17:50:09,796 [FATAL] Updater:334 - Updater called before beeing initialized
2025-11-16 17:50:09,796 [WARN] DetailPanel:346 - Failed to get advertising image, set to default
2025-11-16 17:50:09,797 [FATAL] Updater:334 - Updater called before beeing initialized
2025-11-16 17:50:09,837 [ERROR] Updater:1164 - MainUpdater not yet initialized. External WinMGr cannot be set.
2025-11-16 17:50:09,839 [INFO] Updater:1100 - Updater Version found : 6.12.1
2025-11-16 17:50:09,862 [INFO] ApplicationProperties:184 - Using Application install path: /Applications/STM32CubeIDE.app/Contents/Eclipse/plugins/com.st.stm32cube.common.mx_6.12.1.202409122256
2025-11-16 17:50:10,650 [INFO] MainUpdater:2873 - connection check result : 10
2025-11-16 17:50:10,651 [INFO] MainUpdater:290 - Updater Check For Update Now.
2025-11-16 17:50:10,651 [INFO] MicroXplorer:498 - Change Database Version : DB.6.0.121
2025-11-16 17:50:10,658 [INFO] McuFinderGlobals:63 - Set McuFinder mode to 2 (CubeIDE integrated)
2025-11-16 17:50:10,660 [INFO] UserAuth:417 - Internet connection configuration mode: 1
2025-11-16 17:50:10,691 [INFO] JxBrowserEngine:152 - Initiate JxBrowser Engine with user profile folder
2025-11-16 17:50:10,874 [INFO] CheckServerUpdateThread:120 - End of CheckServer Thread
2025-11-16 17:50:11,500 [WARN] PackLoader:240 - Cannot read IP mode file for STMicroelectronics.FP-SNS-MOTENVWB1.1.4.0
2025-11-16 17:50:11,513 [WARN] PackLoader:240 - Cannot read IP mode file for STMicroelectronics.FP-ATR-ASTRA1.2.0.2
2025-11-16 17:50:11,518 [WARN] PackLoader:240 - Cannot read IP mode file for STMicroelectronics.FP-ATR-ASTRA1.2.0.1
2025-11-16 17:50:11,530 [WARN] PackLoader:240 - Cannot read IP mode file for STMicroelectronics.X-CUBE-SMBUS.2.1.0
2025-11-16 17:50:11,540 [WARN] PackLoader:240 - Cannot read IP mode file for STMicroelectronics.X-CUBE-WB05N.1.1.0
2025-11-16 17:50:11,551 [ERROR] Engine:466 - /Users/shykizzy/.stm32cubemx/thirdparties/pdsc/STMicroelectronics.X-CUBE-ST60.1.0.0.pdsc: PDSC version is not supported
2025-11-16 17:50:11,602 [WARN] PackLoader:240 - Cannot read IP mode file for STMicroelectronics.X-CUBE-AZRTOS-F7.1.1.0
2025-11-16 17:50:11,620 [ERROR] Engine:466 - /Users/shykizzy/.stm32cubemx/thirdparties/pdsc/Cesanta.I-CUBE-Mongoose.7.19.0.pdsc: PDSC version is not supported
2025-11-16 17:50:11,718 [WARN] PackLoader:240 - Cannot read IP mode file for STMicroelectronics.X-CUBE-MEMS1.11.0.0
2025-11-16 17:50:12,011 [ERROR] Engine:466 - /Users/shykizzy/.stm32cubemx/thirdparties/pdsc/STMicroelectronics.FP-SNS-MOTENV1.5.1.0.pdsc: PDSC version is not supported
2025-11-16 17:50:12,018 [ERROR] Engine:466 - /Users/shykizzy/.stm32cubemx/thirdparties/pdsc/WES.I-CUBE-Cesium.1.4.0.pdsc: PDSC version is not supported
2025-11-16 17:50:12,024 [WARN] PackLoader:240 - Cannot read IP mode file for STMicroelectronics.FP-SNS-FLIGHT1.5.0.2
2025-11-16 17:50:12,063 [WARN] PackLoader:240 - Cannot read IP mode file for Infineon.AIROC-Wi-Fi-Bluetooth-STM32.1.7.1
2025-11-16 17:50:12,118 [WARN] PackLoader:240 - Cannot read IP mode file for STMicroelectronics.X-CUBE-AZRTOS-H7.3.4.0
2025-11-16 17:50:12,136 [WARN] PackLoader:240 - Cannot read IP mode file for STMicroelectronics.X-CUBE-DISPLAY.3.0.0
2025-11-16 17:50:12,148 [WARN] PackLoader:240 - Cannot read IP mode file for STMicroelectronics.X-CUBE-BLE1.7.0.0
2025-11-16 17:50:12,155 [WARN] PackLoader:240 - Cannot read IP mode file for STMicroelectronics.X-CUBE-NFC10.1.0.0
2025-11-16 17:50:12,171 [WARN] PackLoader:240 - Cannot read IP mode file for STMicroelectronics.X-CUBE-BLEMGR.4.0.0
2025-11-16 17:50:12,179 [ERROR] Engine:466 - /Users/shykizzy/.stm32cubemx/thirdparties/pdsc/STMicroelectronics.X-CUBE-ST60.1.1.0.pdsc: PDSC version is not supported
2025-11-16 17:50:12,184 [WARN] PackLoader:240 - Cannot read IP mode file for emotas.I-CUBE-CANOPEN.1.3.0
2025-11-16 17:50:12,190 [WARN] PackLoader:240 - Cannot read IP mode file for STMicroelectronics.X-CUBE-GNSS1.7.1.0
2025-11-16 17:50:12,200 [WARN] PackLoader:240 - Cannot read IP mode file for STMicroelectronics.X-CUBE-BLEMGR.3.1.0
2025-11-16 17:50:12,208 [WARN] PackLoader:240 - Cannot read IP mode file for STMicroelectronics.X-CUBE-AI.10.0.0
2025-11-16 17:50:12,212 [ERROR] Engine:466 - /Users/shykizzy/.stm32cubemx/thirdparties/pdsc/STMicroelectronics.FP-SNS-STBOX1.2.1.0.pdsc: PDSC version is not supported
2025-11-16 17:50:12,217 [WARN] PackLoader:240 - Cannot read IP mode file for STMicroelectronics.FP-SNS-SMARTAG2.1.2.0
2025-11-16 17:50:12,221 [ERROR] Engine:466 - /Users/shykizzy/.stm32cubemx/thirdparties/pdsc/STMicroelectronics.FP-SNS-FLIGHT1.5.1.0.pdsc: PDSC version is not supported
2025-11-16 17:50:12,327 [WARN] PackLoader:240 - Cannot read IP mode file for STMicroelectronics.X-CUBE-MEMS1.11.1.0
2025-11-16 17:50:12,794 [INFO] LogOutputStream:77 - [STDOUT_REDIRECT] 1 : Invalid condition id : UX_CORESTACK_Condition cause : null
2025-11-16 17:50:12,813 [INFO] LogOutputStream:77 - [STDOUT_REDIRECT] 1 : Invalid condition id : UX_CORESTACK_Condition cause : null
2025-11-16 17:50:12,824 [INFO] LogOutputStream:77 - [STDOUT_REDIRECT] 1 : Invalid condition id : UX_CORESTACK_Condition cause : null
2025-11-16 17:50:12,851 [INFO] LogOutputStream:77 - [STDOUT_REDIRECT] 1 : Invalid condition id : UX_CORESTACK_Condition cause : null
2025-11-16 17:50:12,853 [INFO] LogOutputStream:77 - [STDOUT_REDIRECT] 1 : Invalid condition id : UX_CORESTACK_Condition cause : null
2025-11-16 17:50:12,867 [WARN] PackLoader:240 - Cannot read IP mode file for STMicroelectronics.X-CUBE-AZRTOS-WL.2.0.0
2025-11-16 17:50:12,956 [WARN] PackLoader:240 - Cannot read IP mode file for STMicroelectronics.FP-SNS-MOTENV1.5.0.0
2025-11-16 17:50:13,051 [WARN] PackLoader:240 - Cannot read IP mode file for wolfSSL.I-CUBE-wolfMQTT.1.19.0
2025-11-16 17:50:13,128 [WARN] PackLoader:240 - Cannot read IP mode file for WES.I-CUBE-Cesium.1.3.0
2025-11-16 17:50:13,171 [WARN] PackLoader:240 - Cannot read IP mode file for STMicroelectronics.X-CUBE-BLE2.3.3.0
2025-11-16 17:50:13,192 [ERROR] Engine:466 - /Users/shykizzy/.stm32cubemx/thirdparties/pdsc/Avnet-IOTCONNECT.X-CUBE-iotc-st67-sdk.1.0.0.pdsc: PDSC version is not supported
2025-11-16 17:50:13,271 [WARN] PackLoader:240 - Cannot read IP mode file for STMicroelectronics.X-CUBE-NFC9.1.0.0
2025-11-16 17:50:13,311 [INFO] WebApp:167 - Instantiating new browser for Auth
2025-11-16 17:50:13,326 [WARN] PackLoader:240 - Cannot read IP mode file for wolfSSL.I-CUBE-wolfSSL.5.8.2
2025-11-16 17:50:13,367 [WARN] PackLoader:240 - Cannot read IP mode file for STMicroelectronics.X-CUBE-BLE1.7.1.0
2025-11-16 17:50:13,406 [WARN] PackLoader:240 - Cannot read IP mode file for wolfSSL.I-CUBE-wolfMQTT.1.19.2
2025-11-16 17:50:13,484 [WARN] PackLoader:240 - Cannot read IP mode file for STMicroelectronics.X-CUBE-TCPP.4.1.0
2025-11-16 17:50:13,580 [WARN] PackLoader:240 - Cannot read IP mode file for STMicroelectronics.X-CUBE-EEPRMA1.5.2.0
2025-11-16 17:50:13,612 [ERROR] Engine:466 - /Users/shykizzy/.stm32cubemx/thirdparties/pdsc/STMicroelectronics.X-CUBE-ST67W61.1.1.0.pdsc: PDSC version is not supported
2025-11-16 17:50:13,674 [WARN] PackLoader:240 - Cannot read IP mode file for STMicroelectronics.X-CUBE-AI.10.1.0
2025-11-16 17:50:13,825 [WARN] PackLoader:240 - Cannot read IP mode file for STMicroelectronics.X-CUBE-MEMS1.11.2.0
2025-11-16 17:50:14,051 [WARN] PackLoader:240 - Cannot read IP mode file for STMicroelectronics.X-CUBE-AZRTOS-G0.1.1.0
2025-11-16 17:50:14,096 [WARN] PackLoader:240 - Cannot read IP mode file for STMicroelectronics.X-CUBE-SAFEA1.1.2.2
2025-11-16 17:50:14,194 [WARN] PackLoader:240 - Cannot read IP mode file for STMicroelectronics.X-CUBE-NFC4.3.0.0
2025-11-16 17:50:14,284 [WARN] PackLoader:240 - Cannot read IP mode file for EmbeddedOffice.I-CUBE-FS-RTOS.1.0.1
2025-11-16 17:50:14,298 [ERROR] ConditionMgr:805 - Attr not supported : Dmpu
2025-11-16 17:50:14,316 [ERROR] ConditionMgr:805 - Attr not supported : Dmpu
2025-11-16 17:50:14,342 [ERROR] ConditionMgr:805 - Attr not supported : Dmpu
2025-11-16 17:50:14,369 [ERROR] ConditionMgr:805 - Attr not supported : Dmpu
2025-11-16 17:50:14,411 [ERROR] ConditionMgr:805 - Attr not supported : Dmpu
2025-11-16 17:50:14,411 [ERROR] ConditionMgr:805 - Attr not supported : Dmpu
2025-11-16 17:50:14,438 [ERROR] ConditionMgr:805 - Attr not supported : Dmpu
2025-11-16 17:50:14,438 [ERROR] ConditionMgr:805 - Attr not supported : Dmpu
2025-11-16 17:50:14,465 [ERROR] ConditionMgr:805 - Attr not supported : Dmpu
2025-11-16 17:50:14,465 [ERROR] ConditionMgr:805 - Attr not supported : Dmpu
2025-11-16 17:50:14,492 [ERROR] ConditionMgr:805 - Attr not supported : Dmpu
2025-11-16 17:50:14,519 [ERROR] ConditionMgr:805 - Attr not supported : Dmpu
2025-11-16 17:50:14,519 [ERROR] ConditionMgr:805 - Attr not supported : Dmpu
2025-11-16 17:50:14,547 [ERROR] ConditionMgr:805 - Attr not supported : Dmpu
2025-11-16 17:50:14,574 [ERROR] ConditionMgr:805 - Attr not supported : Dmpu
2025-11-16 17:50:14,574 [ERROR] ConditionMgr:805 - Attr not supported : Dmpu
2025-11-16 17:50:14,601 [ERROR] ConditionMgr:805 - Attr not supported : Dmpu
2025-11-16 17:50:14,629 [ERROR] ConditionMgr:805 - Attr not supported : Dmpu
2025-11-16 17:50:14,629 [ERROR] ConditionMgr:805 - Attr not supported : Dmpu
2025-11-16 17:50:14,629 [ERROR] ConditionMgr:805 - Attr not supported : Dmpu
2025-11-16 17:50:14,656 [ERROR] ConditionMgr:805 - Attr not supported : Dmpu
2025-11-16 17:50:14,657 [ERROR] ConditionMgr:805 - Attr not supported : Dmpu
2025-11-16 17:50:14,671 [ERROR] ConditionMgr:805 - Attr not supported : Dmpu
2025-11-16 17:50:14,678 [ERROR] ConditionMgr:805 - Attr not supported : Dmpu
2025-11-16 17:50:14,679 [ERROR] ConditionMgr:805 - Attr not supported : Dmpu
2025-11-16 17:50:14,690 [ERROR] ConditionMgr:805 - Attr not supported : Dmpu
2025-11-16 17:50:14,691 [ERROR] ConditionMgr:805 - Attr not supported : Dmpu
2025-11-16 17:50:14,699 [ERROR] ConditionMgr:805 - Attr not supported : Dmpu
2025-11-16 17:50:14,700 [ERROR] ConditionMgr:805 - Attr not supported : Dmpu
2025-11-16 17:50:14,708 [ERROR] ConditionMgr:805 - Attr not supported : Dmpu
2025-11-16 17:50:14,724 [ERROR] ConditionMgr:805 - Attr not supported : Dmpu
2025-11-16 17:50:14,725 [ERROR] ConditionMgr:805 - Attr not supported : Dmpu
2025-11-16 17:50:14,748 [ERROR] ConditionMgr:805 - Attr not supported : Dmpu
2025-11-16 17:50:14,749 [ERROR] ConditionMgr:805 - Attr not supported : Dmpu
2025-11-16 17:50:14,757 [ERROR] ConditionMgr:805 - Attr not supported : Dmpu
2025-11-16 17:50:14,757 [ERROR] ConditionMgr:805 - Attr not supported : Dmpu
2025-11-16 17:50:14,757 [ERROR] ConditionMgr:805 - Attr not supported : Dmpu
2025-11-16 17:50:14,772 [ERROR] ConditionMgr:805 - Attr not supported : Dmpu
2025-11-16 17:50:14,772 [ERROR] ConditionMgr:805 - Attr not supported : Dmpu
2025-11-16 17:50:14,800 [ERROR] ConditionMgr:805 - Attr not supported : Dmpu
2025-11-16 17:50:14,819 [ERROR] ConditionMgr:805 - Attr not supported : Dmpu
2025-11-16 17:50:14,820 [ERROR] ConditionMgr:805 - Attr not supported : Dmpu
2025-11-16 17:50:14,839 [ERROR] ConditionMgr:805 - Attr not supported : Dmpu
2025-11-16 17:50:14,840 [ERROR] ConditionMgr:805 - Attr not supported : Dmpu
2025-11-16 17:50:14,858 [ERROR] ConditionMgr:805 - Attr not supported : Dmpu
2025-11-16 17:50:14,859 [ERROR] ConditionMgr:805 - Attr not supported : Dmpu
2025-11-16 17:50:14,878 [ERROR] ConditionMgr:805 - Attr not supported : Dmpu
2025-11-16 17:50:14,878 [ERROR] ConditionMgr:805 - Attr not supported : Dmpu
2025-11-16 17:50:14,897 [ERROR] ConditionMgr:805 - Attr not supported : Dmpu
2025-11-16 17:50:14,897 [ERROR] ConditionMgr:805 - Attr not supported : Dmpu
2025-11-16 17:50:14,917 [ERROR] ConditionMgr:805 - Attr not supported : Dmpu
2025-11-16 17:50:14,936 [ERROR] ConditionMgr:805 - Attr not supported : Dmpu
2025-11-16 17:50:14,955 [ERROR] ConditionMgr:805 - Attr not supported : Dmpu
2025-11-16 17:50:14,955 [ERROR] ConditionMgr:805 - Attr not supported : Dmpu
2025-11-16 17:50:14,956 [ERROR] ConditionMgr:805 - Attr not supported : Dmpu
2025-11-16 17:50:14,974 [ERROR] ConditionMgr:805 - Attr not supported : Dmpu
2025-11-16 17:50:14,993 [ERROR] ConditionMgr:805 - Attr not supported : Dmpu
2025-11-16 17:50:14,994 [ERROR] ConditionMgr:805 - Attr not supported : Dmpu
2025-11-16 17:50:15,014 [ERROR] ConditionMgr:805 - Attr not supported : Dmpu
2025-11-16 17:50:15,034 [ERROR] ConditionMgr:805 - Attr not supported : Dmpu
2025-11-16 17:50:15,070 [ERROR] ConditionMgr:805 - Attr not supported : Dmpu
2025-11-16 17:50:15,090 [ERROR] ConditionMgr:805 - Attr not supported : Dmpu
2025-11-16 17:50:15,114 [ERROR] ConditionMgr:805 - Attr not supported : Dmpu
2025-11-16 17:50:15,133 [ERROR] ConditionMgr:805 - Attr not supported : Dmpu
2025-11-16 17:50:15,194 [WARN] PackLoader:240 - Cannot read IP mode file for STMicroelectronics.X-CUBE-WB05N.2.0.0
2025-11-16 17:50:15,197 [INFO] WebApp:448 - Apply proxy settings
2025-11-16 17:50:15,253 [INFO] WebApp:493 - Chromium authenticates against Manually configured proxy
2025-11-16 17:50:15,279 [INFO] WebApp:501 - Username used for proxy authentication: 
2025-11-16 17:50:15,345 [WARN] PackLoader:240 - Cannot read IP mode file for wolfSSL.I-CUBE-wolfTPM.3.8.0
2025-11-16 17:50:15,356 [INFO] WebApp:869 - Register for checkConnection events
2025-11-16 17:50:15,371 [ERROR] Engine:466 - /Users/shykizzy/.stm32cubemx/thirdparties/pdsc/STMicroelectronics.X-CUBE-TCPP.4.2.0.pdsc: PDSC version is not supported
2025-11-16 17:50:15,382 [INFO] WebApp:448 - Apply proxy settings
2025-11-16 17:50:15,450 [INFO] WebApp:493 - Chromium authenticates against Manually configured proxy
2025-11-16 17:50:15,460 [INFO] WebApp:501 - Username used for proxy authentication: 
2025-11-16 17:50:15,465 [WARN] PackLoader:240 - Cannot read IP mode file for RealThread.X-CUBE-RT-Thread_Nano.4.1.1
2025-11-16 17:50:15,531 [WARN] PackLoader:240 - Cannot read IP mode file for STMicroelectronics.FP-ATR-SIGFOX1.3.2.0
2025-11-16 17:50:15,572 [WARN] PackLoader:240 - Cannot read IP mode file for wolfSSL.I-CUBE-wolfSSL.5.7.2
2025-11-16 17:50:15,649 [WARN] ConditionMgr:438 - getConditionDescription Invalid condition id : Cortex-A Device cause : null
2025-11-16 17:50:15,782 [WARN] ConditionMgr:1039 - genDependencies : Invalid condition id : Cortex-A Device cause : null
2025-11-16 17:50:15,785 [WARN] ConditionMgr:1039 - genDependencies : Invalid condition id : Cortex-A Device cause : null
2025-11-16 17:50:15,786 [WARN] ConditionMgr:1039 - genDependencies : Invalid condition id : Cortex-A Device cause : null
2025-11-16 17:50:15,816 [INFO] WebApp:186 - Connection restablished
2025-11-16 17:50:15,840 [WARN] PackLoader:240 - Cannot read IP mode file for STMicroelectronics.X-CUBE-EEPRMA1.5.1.0
2025-11-16 17:50:15,978 [WARN] PackLoader:240 - Cannot read IP mode file for ITTIA_DB.I-CUBE-ITTIADB.8.9.0
2025-11-16 17:50:15,986 [ERROR] Engine:466 - /Users/shykizzy/.stm32cubemx/thirdparties/pdsc/STMicroelectronics.X-CUBE-ST67W61.1.0.0.pdsc: PDSC version is not supported
2025-11-16 17:50:16,029 [WARN] PackLoader:240 - Cannot read IP mode file for STMicroelectronics.X-CUBE-AI.10.2.0
2025-11-16 17:50:16,043 [INFO] WebApp:220 - Starting web application
2025-11-16 17:50:16,083 [INFO] WebApp:578 - Web application path used /Applications/STM32CubeIDE.app/Contents/Eclipse/plugins/com.st.stm32cube.common.mx_6.12.1.202409122256/db/plugins/mcufinder/reactClient1/index.html
2025-11-16 17:50:16,155 [WARN] PackLoader:240 - Cannot read IP mode file for SEGGER.I-CUBE-embOS.1.3.1
2025-11-16 17:50:16,302 [WARN] PackLoader:240 - Cannot read IP mode file for STMicroelectronics.X-CUBE-ALGOBUILD.1.4.0
2025-11-16 17:50:16,347 [INFO] UserAuth:417 - Internet connection configuration mode: 1
2025-11-16 17:50:16,438 [WARN] PackLoader:240 - Cannot read IP mode file for STMicroelectronics.X-CUBE-MEMS1.11.3.0
2025-11-16 17:50:16,595 [ERROR] LogOutputStream:75 - [STDERR_REDIRECT] [Fatal Error] :2:10: DOCTYPE is disallowed when the feature "http://apache.org/xml/features/disallow-doctype-decl" set to true.
2025-11-16 17:50:16,603 [ERROR] LogOutputStream:75 - [STDERR_REDIRECT] 
2025-11-16 17:50:16,813 [WARN] PackLoader:240 - Cannot read IP mode file for STMicroelectronics.X-CUBE-AI.9.1.0
2025-11-16 17:50:16,817 [WARN] PackLoader:240 - Cannot read IP mode file for STMicroelectronics.X-CUBE-PM33A1.1.0.0
2025-11-16 17:50:16,838 [WARN] PackLoader:240 - Cannot read IP mode file for STMicroelectronics.X-CUBE-AZRTOS-F4.1.1.0
2025-11-16 17:50:16,855 [ERROR] Engine:466 - /Users/shykizzy/.stm32cubemx/thirdparties/pdsc/Avnet-IotConnect.X-CUBE-IoTC-DA16k-PMOD.1.0.0.pdsc: PDSC version is not supported
2025-11-16 17:50:16,879 [WARN] PackLoader:240 - Cannot read IP mode file for STMicroelectronics.X-CUBE-ISPU.2.1.0
2025-11-16 17:50:16,889 [ERROR] Engine:466 - /Users/shykizzy/.stm32cubemx/thirdparties/pdsc/STMicroelectronics.X-CUBE-IPS.3.2.0.pdsc: PDSC version is not supported
2025-11-16 17:50:16,896 [WARN] PackLoader:240 - Cannot read IP mode file for STMicroelectronics.X-CUBE-FREERTOS.1.2.0
2025-11-16 17:50:17,014 [WARN] PackLoader:240 - Cannot read IP mode file for STMicroelectronics.X-CUBE-NFC12.1.0.0
2025-11-16 17:50:17,032 [WARN] PackLoader:240 - Cannot read IP mode file for STMicroelectronics.X-CUBE-AZRTOS-L5.2.0.0
2025-11-16 17:50:17,048 [WARN] PackLoader:240 - Cannot read IP mode file for STMicroelectronics.X-CUBE-NFC6.3.1.0
2025-11-16 17:50:17,058 [WARN] PackLoader:240 - Cannot read IP mode file for STMicroelectronics.X-CUBE-DPower.1.2.0
2025-11-16 17:50:17,063 [WARN] PackLoader:240 - Cannot read IP mode file for STMicroelectronics.X-CUBE-AI.9.0.0
2025-11-16 17:50:17,070 [WARN] PackLoader:240 - Cannot read IP mode file for STMicroelectronics.X-CUBE-FREERTOS.1.3.1
2025-11-16 17:50:17,075 [WARN] PackLoader:240 - Cannot read IP mode file for STMicroelectronics.X-CUBE-FREERTOS.1.3.0
2025-11-16 17:50:17,080 [WARN] PackLoader:240 - Cannot read IP mode file for STMicroelectronics.X-CUBE-NFC7.1.0.1
2025-11-16 17:50:17,086 [WARN] PackLoader:240 - Cannot read IP mode file for STMicroelectronics.X-CUBE-TOUCHGFX.4.26.0
2025-11-16 17:50:17,089 [ERROR] Engine:466 - /Users/shykizzy/.stm32cubemx/thirdparties/pdsc/STMicroelectronics.FP-SNS-STAIOTCFT.1.0.0.pdsc: PDSC version is not supported
2025-11-16 17:50:17,095 [WARN] PackLoader:240 - Cannot read IP mode file for STMicroelectronics.X-CUBE-DPower.1.3.0
2025-11-16 17:50:17,119 [WARN] ConditionMgr:438 - getConditionDescription Invalid condition id : LAN8742 Phy interface Condition cause : null
2025-11-16 17:50:17,121 [WARN] PackLoader:240 - Cannot read IP mode file for STMicroelectronics.X-CUBE-AZRTOS-L4.2.0.0
2025-11-16 17:50:17,122 [WARN] ConditionMgr:1039 - genDependencies : Invalid condition id : LAN8742 Phy interface Condition cause : null
2025-11-16 17:50:17,123 [WARN] ConditionMgr:1039 - genDependencies : Invalid condition id : LAN8742 Phy interface Condition cause : null
2025-11-16 17:50:17,124 [WARN] ConditionMgr:1039 - genDependencies : Invalid condition id : LAN8742 Phy interface Condition cause : null
2025-11-16 17:50:17,134 [WARN] PackLoader:240 - Cannot read IP mode file for STMicroelectronics.X-CUBE-SFXS2LP1.4.0.0
2025-11-16 17:50:17,315 [WARN] PackLoader:240 - Cannot read IP mode file for STMicroelectronics.X-CUBE-AZRTOS-H7.3.3.0
2025-11-16 17:50:17,328 [ERROR] Engine:466 - /Users/shykizzy/.stm32cubemx/thirdparties/pdsc/STMicroelectronics.X-CUBE-BLEMGR.4.1.0.pdsc: PDSC version is not supported
2025-11-16 17:50:17,342 [WARN] PackLoader:240 - Cannot read IP mode file for STMicroelectronics.X-CUBE-IPS.3.0.0
2025-11-16 17:50:17,376 [WARN] ConditionMgr:438 - getConditionDescription Invalid condition id : UX DEVICE CLASS RTOS Condition cause : null
2025-11-16 17:50:17,376 [WARN] ConditionMgr:438 - getConditionDescription Invalid condition id : UX DEVICE CLASS RTOS Condition cause : null
2025-11-16 17:50:17,379 [WARN] PackLoader:240 - Cannot read IP mode file for STMicroelectronics.X-CUBE-AZRTOS-WB.2.0.0
2025-11-16 17:50:17,379 [WARN] ConditionMgr:1039 - genDependencies : Invalid condition id : UX DEVICE CLASS RTOS Condition cause : null
2025-11-16 17:50:17,380 [WARN] ConditionMgr:1039 - genDependencies : Invalid condition id : UX DEVICE CLASS RTOS Condition cause : null
2025-11-16 17:50:17,380 [WARN] ConditionMgr:1039 - genDependencies : Invalid condition id : UX DEVICE CLASS RTOS Condition cause : null
2025-11-16 17:50:17,381 [WARN] ConditionMgr:1039 - genDependencies : Invalid condition id : UX DEVICE CLASS RTOS Condition cause : null
2025-11-16 17:50:17,381 [WARN] ConditionMgr:1039 - genDependencies : Invalid condition id : UX DEVICE CLASS RTOS Condition cause : null
2025-11-16 17:50:17,386 [WARN] PackLoader:240 - Cannot read IP mode file for STMicroelectronics.X-CUBE-GNSS1.7.0.0
2025-11-16 17:50:17,393 [WARN] PackLoader:240 - Cannot read IP mode file for STMicroelectronics.X-CUBE-GNSS1.7.0.1
2025-11-16 17:50:17,398 [WARN] PackLoader:240 - Cannot read IP mode file for STMicroelectronics.X-CUBE-TOUCHGFX.4.25.0
2025-11-16 17:50:17,407 [WARN] PackLoader:240 - Cannot read IP mode file for STMicroelectronics.FP-SNS-STBOX1.2.0.0
2025-11-16 17:50:17,432 [WARN] ConditionMgr:438 - getConditionDescription Invalid condition id : Cortex-A Device cause : null
2025-11-16 17:50:17,440 [WARN] ConditionMgr:1039 - genDependencies : Invalid condition id : Cortex-A Device cause : null
2025-11-16 17:50:17,441 [WARN] ConditionMgr:1039 - genDependencies : Invalid condition id : Cortex-A Device cause : null
2025-11-16 17:50:17,441 [WARN] ConditionMgr:1039 - genDependencies : Invalid condition id : Cortex-A Device cause : null
2025-11-16 17:50:17,454 [WARN] PackLoader:240 - Cannot read IP mode file for STMicroelectronics.X-CUBE-SUBG2.5.0.0
2025-11-16 17:50:17,484 [WARN] PackLoader:240 - Cannot read IP mode file for STMicroelectronics.X-CUBE-AZRTOS-H7RS.1.1.0
2025-11-16 17:50:17,495 [WARN] PackLoader:240 - Cannot read IP mode file for Cesanta.I-CUBE-Mongoose.7.13.0
2025-11-16 17:50:17,512 [WARN] PackLoader:240 - Cannot read IP mode file for STMicroelectronics.X-CUBE-AZRTOS-G4.2.0.0
2025-11-16 17:50:17,517 [WARN] PackLoader:240 - Cannot read IP mode file for wolfSSL.I-CUBE-wolfSSH.1.4.20
2025-11-16 17:50:17,521 [WARN] PackLoader:240 - Cannot read IP mode file for STMicroelectronics.X-CUBE-NFC7.2.0.0
2025-11-16 17:50:17,529 [ERROR] Engine:466 - /Users/shykizzy/.stm32cubemx/thirdparties/pdsc/STMicroelectronics.X-CUBE-IPS.3.1.0.pdsc: PDSC version is not supported
2025-11-16 17:50:17,532 [WARN] PackLoader:240 - Cannot read IP mode file for STMicroelectronics.X-CUBE-ALS.1.0.2
2025-11-16 17:50:17,536 [WARN] PackLoader:240 - Cannot read IP mode file for STMicroelectronics.X-CUBE-TOUCHGFX.4.24.2
2025-11-16 17:50:17,540 [WARN] PackLoader:240 - Cannot read IP mode file for STMicroelectronics.X-CUBE-TOUCHGFX.4.24.1
2025-11-16 17:50:17,547 [WARN] PackLoader:240 - Cannot read IP mode file for STMicroelectronics.X-CUBE-STSE01.1.0.0
2025-11-16 17:50:17,552 [WARN] PackLoader:240 - Cannot read IP mode file for wolfSSL.I-CUBE-wolfTPM.3.4.0
2025-11-16 17:50:17,557 [WARN] PackLoader:240 - Cannot read IP mode file for portGmbH.I-Cube-SoM-uGOAL.1.1.0
2025-11-16 17:50:17,580 [WARN] PackLoader:240 - Cannot read IP mode file for STMicroelectronics.X-CUBE-AZRTOS-H7RS.1.0.0
2025-11-16 17:50:17,586 [WARN] PackLoader:240 - Cannot read IP mode file for STMicroelectronics.FP-ATR-ASTRA1.2.0.0
2025-11-16 17:50:17,613 [WARN] PackLoader:240 - Cannot read IP mode file for STMicroelectronics.X-CUBE-TOF1.3.4.2
2025-11-16 17:50:17,674 [ERROR] Engine:466 - /Users/shykizzy/.stm32cubemx/thirdparties/pdsc/STMicroelectronics.X-CUBE-TOF1.3.4.3.pdsc: PDSC version is not supported
2025-11-16 17:50:17,755 [WARN] PackLoader:240 - Cannot read IP mode file for Infineon.AIROC-Wi-Fi-Bluetooth-STM32.1.6.1
2025-11-16 17:50:17,786 [WARN] PackLoader:240 - Cannot read IP mode file for wolfSSL.I-CUBE-wolfSSH.1.4.17
2025-11-16 17:50:17,787 [INFO] ThirdParty:978 - Integrity check success = true
2025-11-16 17:50:17,788 [INFO] IntegrityCheckThread:100 - exiting critical section [integrity check]
2025-11-16 17:50:17,788 [INFO] IntegrityCheckThread:103 - End integrity checks thread
2025-11-16 17:50:30,010 [ERROR] LogOutputStream:75 - [STDERR_REDIRECT] 
